Sat Nov 14 18:50:50 Loaded file C:\ORCAD\EXITATION_MODULE\LED_PCB\LED_MODULE.MAX
Sat Nov 14 18:50:52 Loaded file C:\PROGRAM FILES\ORCAD\LAYOUT\data\template.imp
Sat Nov 14 18:50:52 Footprint coords will be rounded to nearest base unit.
Sat Nov 14 18:50:52 Footprint coords will be rounded to nearest base unit.
Sat Nov 14 18:50:52 Footprint coords will be rounded to nearest base unit.
Sat Nov 14 18:50:52 Footprint coords will be rounded to nearest base unit.
Sat Nov 14 18:50:52 Footprint coords will be rounded to nearest base unit.
Sat Nov 14 18:50:52 Footprint coords will be rounded to nearest base unit.
Sat Nov 14 18:50:52 Footprint coords will be rounded to nearest base unit.
Sat Nov 14 18:50:52 Footprint coords will be rounded to nearest base unit.
Sat Nov 14 18:50:52 Footprint coords will be rounded to nearest base unit.
Sat Nov 14 18:50:52 Footprint coords will be rounded to nearest base unit.
Sat Nov 14 18:50:52 Footprint coords will be rounded to nearest base unit.
Sat Nov 14 18:50:52 Loaded file C:\PROGRAM FILES\ORCAD\LAYOUT\data\template.imp
Sat Nov 14 18:50:52 Footprint coords will be rounded to nearest base unit.
Sat Nov 14 18:50:52 Footprint coords will be rounded to nearest base unit.
Sat Nov 14 18:50:52 Footprint coords will be rounded to nearest base unit.
Sat Nov 14 18:50:52 Footprint coords will be rounded to nearest base unit.
Sat Nov 14 18:50:52 Footprint coords will be rounded to nearest base unit.
Sat Nov 14 18:50:52 Footprint coords will be rounded to nearest base unit.
Sat Nov 14 18:50:52 Footprint coords will be rounded to nearest base unit.
Sat Nov 14 18:50:52 Footprint coords will be rounded to nearest base unit.
Sat Nov 14 18:50:53 Loaded file C:\PROGRAM FILES\ORCAD\LAYOUT\data\template.imp
Sat Nov 14 18:50:53 Footprint coords will be rounded to nearest base unit.
Sat Nov 14 18:50:53 Footprint coords will be rounded to nearest base unit.
Sat Nov 14 18:50:53 Footprint coords will be rounded to nearest base unit.
Sat Nov 14 18:50:53 Footprint coords will be rounded to nearest base unit.
Sat Nov 14 18:50:53 Footprint coords will be rounded to nearest base unit.
Sat Nov 14 18:50:53 Footprint coords will be rounded to nearest base unit.
Sat Nov 14 18:50:53 Footprint coords will be rounded to nearest base unit.
Sat Nov 14 18:50:53 Footprint coords will be rounded to nearest base unit.
Sat Nov 14 18:50:54 Loaded file C:\PROGRAM FILES\ORCAD\LAYOUT\data\template.imp
Sat Nov 14 18:50:54 Footprint coords will be rounded to nearest base unit.
Sat Nov 14 18:50:54 Footprint coords will be rounded to nearest base unit.
Sat Nov 14 18:50:54 Footprint coords will be rounded to nearest base unit.
Sat Nov 14 18:50:54 Footprint coords will be rounded to nearest base unit.
Sat Nov 14 18:50:54 Footprint coords will be rounded to nearest base unit.
Sat Nov 14 18:50:54 Footprint coords will be rounded to nearest base unit.
Sat Nov 14 18:50:54 Loaded file C:\PROGRAM FILES\ORCAD\LAYOUT\data\template.imp
Sat Nov 14 18:50:54 Footprint coords will be rounded to nearest base unit.
Sat Nov 14 18:50:54 Footprint coords will be rounded to nearest base unit.
Sat Nov 14 18:50:54 Footprint coords will be rounded to nearest base unit.
Sat Nov 14 18:50:54 Footprint coords will be rounded to nearest base unit.
Sat Nov 14 18:50:54 Footprint coords will be rounded to nearest base unit.
Sat Nov 14 18:50:54 Footprint coords will be rounded to nearest base unit.
Sat Nov 14 18:50:54 Footprint coords will be rounded to nearest base unit.
Sat Nov 14 18:50:54 Footprint coords will be rounded to nearest base unit.
Sat Nov 14 18:50:54 Footprint coords will be rounded to nearest base unit.
Sat Nov 14 18:50:54 Footprint coords will be rounded to nearest base unit.
Sat Nov 14 18:50:54 Footprint coords will be rounded to nearest base unit.
Sat Nov 14 18:50:54 Footprint coords will be rounded to nearest base unit.
Sat Nov 14 18:50:54 Footprint coords will be rounded to nearest base unit.
Sat Nov 14 18:50:54 Footprint coords will be rounded to nearest base unit.
Sat Nov 14 18:50:54 Footprint coords will be rounded to nearest base unit.
Sat Nov 14 18:50:54 Footprint coords will be rounded to nearest base unit.
Sat Nov 14 18:50:54 Footprint coords will be rounded to nearest base unit.
Sat Nov 14 18:50:54 Footprint coords will be rounded to nearest base unit.
Sat Nov 14 18:50:54 Footprint coords will be rounded to nearest base unit.
Sat Nov 14 18:50:54 Footprint coords will be rounded to nearest base unit.
Sat Nov 14 18:50:54 Footprint coords will be rounded to nearest base unit.
Sat Nov 14 18:50:54 Footprint coords will be rounded to nearest base unit.
Sat Nov 14 18:50:55 Loaded file C:\PROGRAM FILES\ORCAD\LAYOUT\data\template.imp
Sat Nov 14 18:50:55 Footprint coords will be rounded to nearest base unit.
Sat Nov 14 18:50:55 Footprint coords will be rounded to nearest base unit.
Sat Nov 14 18:50:55 Footprint coords will be rounded to nearest base unit.
Sat Nov 14 18:50:55 Footprint coords will be rounded to nearest base unit.
Sat Nov 14 18:50:55 Footprint coords will be rounded to nearest base unit.
Sat Nov 14 18:50:55 Footprint coords will be rounded to nearest base unit.
Sat Nov 14 18:50:55 Footprint coords will be rounded to nearest base unit.
Sat Nov 14 18:50:55 Footprint coords will be rounded to nearest base unit.
Sat Nov 14 18:50:55 Footprint coords will be rounded to nearest base unit.
Sat Nov 14 18:50:55 Footprint coords will be rounded to nearest base unit.
Sat Nov 14 18:50:55 Footprint coords will be rounded to nearest base unit.
Sat Nov 14 18:50:55 Footprint coords will be rounded to nearest base unit.
Sat Nov 14 18:50:55 Footprint coords will be rounded to nearest base unit.
Sat Nov 14 18:50:55 Footprint coords will be rounded to nearest base unit.
Sat Nov 14 18:50:55 Footprint coords will be rounded to nearest base unit.
Sat Nov 14 18:50:55 Footprint coords will be rounded to nearest base unit.
Sat Nov 14 18:50:55 Footprint coords will be rounded to nearest base unit.
Sat Nov 14 18:50:55 Footprint coords will be rounded to nearest base unit.
Sat Nov 14 18:50:55 Footprint coords will be rounded to nearest base unit.
Sat Nov 14 18:50:55 Footprint coords will be rounded to nearest base unit.
Sat Nov 14 18:50:55 Footprint coords will be rounded to nearest base unit.
Sat Nov 14 18:50:55 Footprint coords will be rounded to nearest base unit.
Sat Nov 14 18:50:55 Footprint coords will be rounded to nearest base unit.
Sat Nov 14 18:50:55 Footprint coords will be rounded to nearest base unit.
Sat Nov 14 18:50:55 Footprint coords will be rounded to nearest base unit.
Sat Nov 14 18:50:55 Footprint coords will be rounded to nearest base unit.
Sat Nov 14 18:50:55 Footprint coords will be rounded to nearest base unit.
Sat Nov 14 18:50:56 Loaded file C:\PROGRAM FILES\ORCAD\LAYOUT\data\template.imp
Sat Nov 14 18:50:56 Footprint coords will be rounded to nearest base unit.
Sat Nov 14 18:50:56 Footprint coords will be rounded to nearest base unit.
Sat Nov 14 18:50:56 Footprint coords will be rounded to nearest base unit.
Sat Nov 14 18:50:56 Footprint coords will be rounded to nearest base unit.
Sat Nov 14 18:50:56 Footprint coords will be rounded to nearest base unit.
Sat Nov 14 18:50:56 Footprint coords will be rounded to nearest base unit.
Sat Nov 14 18:50:56 Footprint coords will be rounded to nearest base unit.
Sat Nov 14 18:50:56 Footprint coords will be rounded to nearest base unit.
Sat Nov 14 18:50:57 Loaded file C:\ORCAD\EXITATION_MODULE\MAIN_PCB\EXITATION_4CH.MAX
Sat Nov 14 18:50:59 Loaded file C:\PROGRAM FILES\ORCAD\LAYOUT\data\template.imp
Sat Nov 14 18:50:59 Footprint coords will be rounded to nearest base unit.
Sat Nov 14 18:50:59 Footprint coords will be rounded to nearest base unit.
Sat Nov 14 18:50:59 Footprint coords will be rounded to nearest base unit.
Sat Nov 14 18:50:59 Footprint coords will be rounded to nearest base unit.
Sat Nov 14 18:50:59 Footprint coords will be rounded to nearest base unit.
Sat Nov 14 18:50:59 Footprint coords will be rounded to nearest base unit.
Sat Nov 14 18:50:59 Footprint coords will be rounded to nearest base unit.
Sat Nov 14 18:50:59 Footprint coords will be rounded to nearest base unit.
Sat Nov 14 18:50:59 Footprint coords will be rounded to nearest base unit.
Sat Nov 14 18:50:59 Footprint coords will be rounded to nearest base unit.
Sat Nov 14 18:50:59 Footprint coords will be rounded to nearest base unit.
Sat Nov 14 18:50:59 Footprint coords will be rounded to nearest base unit.
Sat Nov 14 18:50:59 Footprint coords will be rounded to nearest base unit.
Sat Nov 14 18:50:59 Footprint coords will be rounded to nearest base unit.
Sat Nov 14 18:50:59 Footprint coords will be rounded to nearest base unit.
Sat Nov 14 18:50:59 Footprint coords will be rounded to nearest base unit.
Sat Nov 14 18:50:59 Footprint coords will be rounded to nearest base unit.
Sat Nov 14 18:50:59 Footprint coords will be rounded to nearest base unit.
Sat Nov 14 18:50:59 Footprint coords will be rounded to nearest base unit.
Sat Nov 14 18:50:59 Footprint coords will be rounded to nearest base unit.
Sat Nov 14 18:50:59 Footprint coords will be rounded to nearest base unit.
Sat Nov 14 18:50:59 Footprint coords will be rounded to nearest base unit.
Sat Nov 14 18:50:59 Footprint coords will be rounded to nearest base unit.
Sat Nov 14 18:50:59 Footprint coords will be rounded to nearest base unit.
Sat Nov 14 18:50:59 Footprint coords will be rounded to nearest base unit.
Sat Nov 14 18:50:59 Footprint coords will be rounded to nearest base unit.
Sat Nov 14 18:50:59 Footprint coords will be rounded to nearest base unit.
Sat Nov 14 18:50:59 Footprint coords will be rounded to nearest base unit.
Sat Nov 14 18:50:59 Footprint coords will be rounded to nearest base unit.
Sat Nov 14 18:50:59 Footprint coords will be rounded to nearest base unit.
Sat Nov 14 18:50:59 Footprint coords will be rounded to nearest base unit.
Sat Nov 14 18:50:59 Footprint coords will be rounded to nearest base unit.
Sat Nov 14 18:50:59 Footprint coords will be rounded to nearest base unit.
Sat Nov 14 18:50:59 Footprint coords will be rounded to nearest base unit.
Sat Nov 14 18:50:59 Footprint coords will be rounded to nearest base unit.
Sat Nov 14 18:50:59 Footprint coords will be rounded to nearest base unit.
Sat Nov 14 18:50:59 Footprint coords will be rounded to nearest base unit.
Sat Nov 14 18:50:59 Footprint coords will be rounded to nearest base unit.
Sat Nov 14 18:50:59 Footprint coords will be rounded to nearest base unit.
Sat Nov 14 18:50:59 Footprint coords will be rounded to nearest base unit.
Sat Nov 14 18:50:59 Footprint coords will be rounded to nearest base unit.
Sat Nov 14 18:50:59 Footprint coords will be rounded to nearest base unit.
Sat Nov 14 18:50:59 Footprint coords will be rounded to nearest base unit.
Sat Nov 14 18:50:59 Footprint coords will be rounded to nearest base unit.
Sat Nov 14 18:50:59 Footprint coords will be rounded to nearest base unit.
Sat Nov 14 18:50:59 Footprint coords will be rounded to nearest base unit.
Sat Nov 14 18:50:59 Footprint coords will be rounded to nearest base unit.
Sat Nov 14 18:50:59 Footprint coords will be rounded to nearest base unit.
Sat Nov 14 18:50:59 Footprint coords will be rounded to nearest base unit.
Sat Nov 14 18:50:59 Footprint coords will be rounded to nearest base unit.
Sat Nov 14 18:50:59 Footprint coords will be rounded to nearest base unit.
Sat Nov 14 18:51:00 Loaded file C:\PROGRAM FILES\ORCAD\LAYOUT\data\template.imp
Sat Nov 14 18:51:00 Footprint coords will be rounded to nearest base unit.
Sat Nov 14 18:51:00 Footprint coords will be rounded to nearest base unit.
Sat Nov 14 18:51:00 Footprint coords will be rounded to nearest base unit.
Sat Nov 14 18:51:00 Footprint coords will be rounded to nearest base unit.
Sat Nov 14 18:51:00 Footprint coords will be rounded to nearest base unit.
Sat Nov 14 18:51:00 Footprint coords will be rounded to nearest base unit.
Sat Nov 14 18:51:00 Footprint coords will be rounded to nearest base unit.
Sat Nov 14 18:51:00 Footprint coords will be rounded to nearest base unit.
Sat Nov 14 18:51:00 Footprint coords will be rounded to nearest base unit.
Sat Nov 14 18:51:00 Footprint coords will be rounded to nearest base unit.
Sat Nov 14 18:51:00 Footprint coords will be rounded to nearest base unit.
Sat Nov 14 18:51:00 Footprint coords will be rounded to nearest base unit.
Sat Nov 14 18:51:05 Loaded file C:\PROGRAM FILES\ORCAD\LAYOUT\data\template.imp
Sat Nov 14 18:51:05 Footprint coords will be rounded to nearest base unit.
Sat Nov 14 18:51:05 Footprint coords will be rounded to nearest base unit.
Sat Nov 14 18:51:05 Footprint coords will be rounded to nearest base unit.
Sat Nov 14 18:51:05 Footprint coords will be rounded to nearest base unit.
Sat Nov 14 18:51:05 Footprint coords will be rounded to nearest base unit.
Sat Nov 14 18:51:05 Footprint coords will be rounded to nearest base unit.
Sat Nov 14 18:51:05 Footprint coords will be rounded to nearest base unit.
Sat Nov 14 18:51:05 Footprint coords will be rounded to nearest base unit.
Sat Nov 14 18:51:05 Footprint coords will be rounded to nearest base unit.
Sat Nov 14 18:51:05 Footprint coords will be rounded to nearest base unit.
Sat Nov 14 18:51:05 Footprint coords will be rounded to nearest base unit.
Sat Nov 14 18:51:07 Loaded file C:\PROGRAM FILES\ORCAD\LAYOUT\data\template.imp
Sat Nov 14 18:51:07 Footprint coords will be rounded to nearest base unit.
Sat Nov 14 18:51:07 Footprint coords will be rounded to nearest base unit.
Sat Nov 14 18:51:07 Footprint coords will be rounded to nearest base unit.
Sat Nov 14 18:51:07 Footprint coords will be rounded to nearest base unit.
Sat Nov 14 18:51:07 Footprint coords will be rounded to nearest base unit.
Sat Nov 14 18:51:07 Footprint coords will be rounded to nearest base unit.
Sat Nov 14 18:51:07 Footprint coords will be rounded to nearest base unit.
Sat Nov 14 18:51:07 Footprint coords will be rounded to nearest base unit.
Sat Nov 14 18:51:07 Footprint coords will be rounded to nearest base unit.
Sat Nov 14 18:51:07 Footprint coords will be rounded to nearest base unit.
Sat Nov 14 18:51:07 Footprint coords will be rounded to nearest base unit.
Sat Nov 14 18:51:07 Footprint coords will be rounded to nearest base unit.
Sat Nov 14 18:51:07 Footprint coords will be rounded to nearest base unit.
Sat Nov 14 18:51:07 Loaded file C:\PROGRAM FILES\ORCAD\LAYOUT\data\template.imp
Sat Nov 14 18:51:07 Footprint coords will be rounded to nearest base unit.
Sat Nov 14 18:51:07 Footprint coords will be rounded to nearest base unit.
Sat Nov 14 18:51:07 Footprint coords will be rounded to nearest base unit.
Sat Nov 14 18:51:07 Footprint coords will be rounded to nearest base unit.
Sat Nov 14 18:51:07 Footprint coords will be rounded to nearest base unit.
Sat Nov 14 18:51:07 Footprint coords will be rounded to nearest base unit.
Sat Nov 14 18:51:07 Footprint coords will be rounded to nearest base unit.
Sat Nov 14 18:51:07 Footprint coords will be rounded to nearest base unit.
Sat Nov 14 18:51:07 Footprint coords will be rounded to nearest base unit.
Sat Nov 14 18:51:07 Footprint coords will be rounded to nearest base unit.
Sat Nov 14 18:51:07 Footprint coords will be rounded to nearest base unit.
Sat Nov 14 18:51:08 Loaded file C:\PROGRAM FILES\ORCAD\LAYOUT\data\template.imp
Sat Nov 14 18:51:08 Footprint coords will be rounded to nearest base unit.
Sat Nov 14 18:51:08 Footprint coords will be rounded to nearest base unit.
Sat Nov 14 18:51:08 Footprint coords will be rounded to nearest base unit.
Sat Nov 14 18:51:08 Footprint coords will be rounded to nearest base unit.
Sat Nov 14 18:51:08 Footprint coords will be rounded to nearest base unit.
Sat Nov 14 18:51:08 Footprint coords will be rounded to nearest base unit.
Sat Nov 14 18:51:08 Footprint coords will be rounded to nearest base unit.
Sat Nov 14 18:51:08 Footprint coords will be rounded to nearest base unit.
Sat Nov 14 18:51:08 Footprint coords will be rounded to nearest base unit.
Sat Nov 14 18:51:08 Footprint coords will be rounded to nearest base unit.
Sat Nov 14 18:51:08 Footprint coords will be rounded to nearest base unit.
Sat Nov 14 18:51:08 Footprint coords will be rounded to nearest base unit.
Sat Nov 14 18:51:09 Loaded file C:\PROGRAM FILES\ORCAD\LAYOUT\data\template.imp
Sat Nov 14 18:51:09 Footprint coords will be rounded to nearest base unit.
Sat Nov 14 18:51:09 Footprint coords will be rounded to nearest base unit.
Sat Nov 14 18:51:09 Footprint coords will be rounded to nearest base unit.
Sat Nov 14 18:51:09 Footprint coords will be rounded to nearest base unit.
Sat Nov 14 18:51:09 Footprint coords will be rounded to nearest base unit.
Sat Nov 14 18:51:09 Footprint coords will be rounded to nearest base unit.
Sat Nov 14 18:51:09 Footprint coords will be rounded to nearest base unit.
Sat Nov 14 18:51:09 Footprint coords will be rounded to nearest base unit.
Sat Nov 14 18:51:09 Footprint coords will be rounded to nearest base unit.
Sat Nov 14 18:51:09 Footprint coords will be rounded to nearest base unit.
Sat Nov 14 18:51:09 Footprint coords will be rounded to nearest base unit.
Sat Nov 14 18:51:10 Loaded file C:\PROGRAM FILES\ORCAD\LAYOUT\data\template.imp
Sat Nov 14 18:51:10 Footprint coords will be rounded to nearest base unit.
Sat Nov 14 18:51:10 Footprint coords will be rounded to nearest base unit.
Sat Nov 14 18:51:10 Footprint coords will be rounded to nearest base unit.
Sat Nov 14 18:51:10 Footprint coords will be rounded to nearest base unit.
Sat Nov 14 18:51:10 Footprint coords will be rounded to nearest base unit.
Sat Nov 14 18:51:10 Footprint coords will be rounded to nearest base unit.
Sat Nov 14 18:51:10 Footprint coords will be rounded to nearest base unit.
Sat Nov 14 18:51:10 Footprint coords will be rounded to nearest base unit.
Sat Nov 14 18:51:10 Footprint coords will be rounded to nearest base unit.
Sat Nov 14 18:51:10 Footprint coords will be rounded to nearest base unit.
Sat Nov 14 18:51:10 Footprint coords will be rounded to nearest base unit.
Sat Nov 14 18:51:10 Footprint coords will be rounded to nearest base unit.
Sat Nov 14 18:51:10 Footprint coords will be rounded to nearest base unit.
Sat Nov 14 18:51:11 Loaded file C:\PROGRAM FILES\ORCAD\LAYOUT\data\template.imp
Sat Nov 14 18:51:11 Footprint coords will be rounded to nearest base unit.
Sat Nov 14 18:51:11 Footprint coords will be rounded to nearest base unit.
Sat Nov 14 18:51:11 Footprint coords will be rounded to nearest base unit.
Sat Nov 14 18:51:11 Footprint coords will be rounded to nearest base unit.
Sat Nov 14 18:51:11 Footprint coords will be rounded to nearest base unit.
Sat Nov 14 18:51:11 Footprint coords will be rounded to nearest base unit.
Sat Nov 14 18:51:11 Footprint coords will be rounded to nearest base unit.
Sat Nov 14 18:51:11 Footprint coords will be rounded to nearest base unit.
Sat Nov 14 18:51:11 Footprint coords will be rounded to nearest base unit.
Sat Nov 14 18:51:11 Footprint coords will be rounded to nearest base unit.
Sat Nov 14 18:51:11 Footprint coords will be rounded to nearest base unit.
Sat Nov 14 18:51:11 Footprint coords will be rounded to nearest base unit.
Sat Nov 14 18:51:11 Footprint coords will be rounded to nearest base unit.
Sat Nov 14 18:51:11 Loaded file C:\PROGRAM FILES\ORCAD\LAYOUT\data\template.imp
Sat Nov 14 18:51:11 Footprint coords will be rounded to nearest base unit.
Sat Nov 14 18:51:11 Footprint coords will be rounded to nearest base unit.
Sat Nov 14 18:51:11 Footprint coords will be rounded to nearest base unit.
Sat Nov 14 18:51:11 Footprint coords will be rounded to nearest base unit.
Sat Nov 14 18:51:11 Footprint coords will be rounded to nearest base unit.
Sat Nov 14 18:51:11 Footprint coords will be rounded to nearest base unit.
Sat Nov 14 18:51:11 Footprint coords will be rounded to nearest base unit.
Sat Nov 14 18:51:11 Footprint coords will be rounded to nearest base unit.
Sat Nov 14 18:51:11 Footprint coords will be rounded to nearest base unit.
Sat Nov 14 18:51:11 Footprint coords will be rounded to nearest base unit.
Sat Nov 14 18:51:11 Footprint coords will be rounded to nearest base unit.
Sat Nov 14 18:51:12 Loaded file C:\PROGRAM FILES\ORCAD\LAYOUT\data\template.imp
Sat Nov 14 18:51:12 Footprint coords will be rounded to nearest base unit.
Sat Nov 14 18:51:12 Footprint coords will be rounded to nearest base unit.
Sat Nov 14 18:51:12 Footprint coords will be rounded to nearest base unit.
Sat Nov 14 18:51:12 Footprint coords will be rounded to nearest base unit.
Sat Nov 14 18:51:12 Footprint coords will be rounded to nearest base unit.
Sat Nov 14 18:51:12 Footprint coords will be rounded to nearest base unit.
Sat Nov 14 18:51:12 Footprint coords will be rounded to nearest base unit.
Sat Nov 14 18:51:12 Footprint coords will be rounded to nearest base unit.
Sat Nov 14 18:51:12 Footprint coords will be rounded to nearest base unit.
Sat Nov 14 18:51:12 Footprint coords will be rounded to nearest base unit.
Sat Nov 14 18:51:12 Footprint coords will be rounded to nearest base unit.
Sat Nov 14 18:51:12 Footprint coords will be rounded to nearest base unit.
Sat Nov 14 18:51:13 Loaded file C:\PROGRAM FILES\ORCAD\LAYOUT\data\template.imp
Sat Nov 14 18:51:13 Footprint coords will be rounded to nearest base unit.
Sat Nov 14 18:51:13 Footprint coords will be rounded to nearest base unit.
Sat Nov 14 18:51:13 Footprint coords will be rounded to nearest base unit.
Sat Nov 14 18:51:13 Footprint coords will be rounded to nearest base unit.
Sat Nov 14 18:51:13 Footprint coords will be rounded to nearest base unit.
Sat Nov 14 18:51:13 Footprint coords will be rounded to nearest base unit.
Sat Nov 14 18:51:13 Footprint coords will be rounded to nearest base unit.
Sat Nov 14 18:51:13 Footprint coords will be rounded to nearest base unit.
Sat Nov 14 18:51:13 Footprint coords will be rounded to nearest base unit.
Sat Nov 14 18:51:13 Footprint coords will be rounded to nearest base unit.
Sat Nov 14 18:51:13 Footprint coords will be rounded to nearest base unit.
Sat Nov 14 18:51:13 Loaded file C:\PROGRAM FILES\ORCAD\LAYOUT\data\template.imp
Sat Nov 14 18:51:13 Footprint coords will be rounded to nearest base unit.
Sat Nov 14 18:51:13 Footprint coords will be rounded to nearest base unit.
Sat Nov 14 18:51:13 Footprint coords will be rounded to nearest base unit.
Sat Nov 14 18:51:13 Footprint coords will be rounded to nearest base unit.
Sat Nov 14 18:51:13 Footprint coords will be rounded to nearest base unit.
Sat Nov 14 18:51:13 Footprint coords will be rounded to nearest base unit.
Sat Nov 14 18:51:13 Footprint coords will be rounded to nearest base unit.
Sat Nov 14 18:51:13 Footprint coords will be rounded to nearest base unit.
Sat Nov 14 18:51:13 Footprint coords will be rounded to nearest base unit.
Sat Nov 14 18:51:13 Footprint coords will be rounded to nearest base unit.
Sat Nov 14 18:51:13 Footprint coords will be rounded to nearest base unit.
Sat Nov 14 18:51:13 Footprint coords will be rounded to nearest base unit.
Sat Nov 14 18:51:13 Footprint coords will be rounded to nearest base unit.
Sat Nov 14 18:51:14 Loaded file C:\PROGRAM FILES\ORCAD\LAYOUT\data\template.imp
Sat Nov 14 18:51:14 Footprint coords will be rounded to nearest base unit.
Sat Nov 14 18:51:14 Footprint coords will be rounded to nearest base unit.
Sat Nov 14 18:51:14 Footprint coords will be rounded to nearest base unit.
Sat Nov 14 18:51:14 Footprint coords will be rounded to nearest base unit.
Sat Nov 14 18:51:14 Footprint coords will be rounded to nearest base unit.
Sat Nov 14 18:51:14 Footprint coords will be rounded to nearest base unit.
Sat Nov 14 18:51:14 Footprint coords will be rounded to nearest base unit.
Sat Nov 14 18:51:14 Footprint coords will be rounded to nearest base unit.
Sat Nov 14 18:51:14 Footprint coords will be rounded to nearest base unit.
Sat Nov 14 18:51:14 Footprint coords will be rounded to nearest base unit.
Sat Nov 14 18:51:14 Footprint coords will be rounded to nearest base unit.
Sat Nov 14 18:51:16 Loaded file C:\PROGRAM FILES\ORCAD\LAYOUT\data\template.imp
Sat Nov 14 18:51:16 Footprint coords will be rounded to nearest base unit.
Sat Nov 14 18:51:16 Footprint coords will be rounded to nearest base unit.
Sat Nov 14 18:51:16 Footprint coords will be rounded to nearest base unit.
Sat Nov 14 18:51:16 Footprint coords will be rounded to nearest base unit.
Sat Nov 14 18:51:16 Footprint coords will be rounded to nearest base unit.
Sat Nov 14 18:51:16 Footprint coords will be rounded to nearest base unit.
Sat Nov 14 18:51:16 Footprint coords will be rounded to nearest base unit.
Sat Nov 14 18:51:16 Footprint coords will be rounded to nearest base unit.
Sat Nov 14 18:51:16 Footprint coords will be rounded to nearest base unit.
Sat Nov 14 18:51:16 Footprint coords will be rounded to nearest base unit.
Sat Nov 14 18:51:16 Footprint coords will be rounded to nearest base unit.
Sat Nov 14 18:51:16 Footprint coords will be rounded to nearest base unit.
Sat Nov 14 18:51:16 Footprint coords will be rounded to nearest base unit.
Sat Nov 14 18:51:17 Loaded file C:\PROGRAM FILES\ORCAD\LAYOUT\data\template.imp
Sat Nov 14 18:51:17 Footprint coords will be rounded to nearest base unit.
Sat Nov 14 18:51:17 Footprint coords will be rounded to nearest base unit.
Sat Nov 14 18:51:17 Footprint coords will be rounded to nearest base unit.
Sat Nov 14 18:51:17 Footprint coords will be rounded to nearest base unit.
Sat Nov 14 18:51:17 Footprint coords will be rounded to nearest base unit.
Sat Nov 14 18:51:17 Footprint coords will be rounded to nearest base unit.
Sat Nov 14 18:51:17 Footprint coords will be rounded to nearest base unit.
Sat Nov 14 18:51:17 Footprint coords will be rounded to nearest base unit.
Sat Nov 14 18:51:17 Footprint coords will be rounded to nearest base unit.
Sat Nov 14 18:51:17 Footprint coords will be rounded to nearest base unit.
Sat Nov 14 18:51:17 Footprint coords will be rounded to nearest base unit.
Sat Nov 14 18:51:17 Footprint coords will be rounded to nearest base unit.
Sat Nov 14 18:51:17 Footprint coords will be rounded to nearest base unit.
Sat Nov 14 18:51:17 Loaded file C:\PROGRAM FILES\ORCAD\LAYOUT\data\template.imp
Sat Nov 14 18:51:17 Footprint coords will be rounded to nearest base unit.
Sat Nov 14 18:51:17 Footprint coords will be rounded to nearest base unit.
Sat Nov 14 18:51:17 Footprint coords will be rounded to nearest base unit.
Sat Nov 14 18:51:17 Footprint coords will be rounded to nearest base unit.
Sat Nov 14 18:51:17 Footprint coords will be rounded to nearest base unit.
Sat Nov 14 18:51:17 Footprint coords will be rounded to nearest base unit.
Sat Nov 14 18:51:17 Footprint coords will be rounded to nearest base unit.
Sat Nov 14 18:51:17 Footprint coords will be rounded to nearest base unit.
Sat Nov 14 18:51:17 Footprint coords will be rounded to nearest base unit.
Sat Nov 14 18:51:17 Footprint coords will be rounded to nearest base unit.
Sat Nov 14 18:51:17 Footprint coords will be rounded to nearest base unit.
Sat Nov 14 18:51:17 Footprint coords will be rounded to nearest base unit.
Sat Nov 14 18:51:17 Footprint coords will be rounded to nearest base unit.
Sat Nov 14 18:51:18 Loaded file C:\PROGRAM FILES\ORCAD\LAYOUT\data\template.imp
Sat Nov 14 18:51:18 Footprint coords will be rounded to nearest base unit.
Sat Nov 14 18:51:18 Footprint coords will be rounded to nearest base unit.
Sat Nov 14 18:51:18 Footprint coords will be rounded to nearest base unit.
Sat Nov 14 18:51:18 Footprint coords will be rounded to nearest base unit.
Sat Nov 14 18:51:18 Footprint coords will be rounded to nearest base unit.
Sat Nov 14 18:51:18 Footprint coords will be rounded to nearest base unit.
Sat Nov 14 18:51:18 Footprint coords will be rounded to nearest base unit.
Sat Nov 14 18:51:18 Footprint coords will be rounded to nearest base unit.
Sat Nov 14 18:51:18 Footprint coords will be rounded to nearest base unit.
Sat Nov 14 18:51:18 Footprint coords will be rounded to nearest base unit.
Sat Nov 14 18:51:19 Loaded file C:\PROGRAM FILES\ORCAD\LAYOUT\data\template.imp
Sat Nov 14 18:51:19 Footprint coords will be rounded to nearest base unit.
Sat Nov 14 18:51:19 Footprint coords will be rounded to nearest base unit.
Sat Nov 14 18:51:19 Footprint coords will be rounded to nearest base unit.
Sat Nov 14 18:51:19 Footprint coords will be rounded to nearest base unit.
Sat Nov 14 18:51:19 Footprint coords will be rounded to nearest base unit.
Sat Nov 14 18:51:19 Footprint coords will be rounded to nearest base unit.
Sat Nov 14 18:51:19 Footprint coords will be rounded to nearest base unit.
Sat Nov 14 18:51:19 Footprint coords will be rounded to nearest base unit.
Sat Nov 14 18:51:19 Footprint coords will be rounded to nearest base unit.
Sat Nov 14 18:51:19 Footprint coords will be rounded to nearest base unit.
Sat Nov 14 18:51:19 Loaded file C:\PROGRAM FILES\ORCAD\LAYOUT\data\template.imp
Sat Nov 14 18:51:19 Footprint coords will be rounded to nearest base unit.
Sat Nov 14 18:51:19 Footprint coords will be rounded to nearest base unit.
Sat Nov 14 18:51:19 Footprint coords will be rounded to nearest base unit.
Sat Nov 14 18:51:19 Footprint coords will be rounded to nearest base unit.
Sat Nov 14 18:51:19 Footprint coords will be rounded to nearest base unit.
Sat Nov 14 18:51:19 Footprint coords will be rounded to nearest base unit.
Sat Nov 14 18:51:19 Footprint coords will be rounded to nearest base unit.
Sat Nov 14 18:51:19 Footprint coords will be rounded to nearest base unit.
Sat Nov 14 18:51:20 Loaded file C:\PROGRAM FILES\ORCAD\LAYOUT\data\template.imp
Sat Nov 14 18:51:20 Footprint coords will be rounded to nearest base unit.
Sat Nov 14 18:51:20 Footprint coords will be rounded to nearest base unit.
Sat Nov 14 18:51:20 Footprint coords will be rounded to nearest base unit.
Sat Nov 14 18:51:20 Footprint coords will be rounded to nearest base unit.
Sat Nov 14 18:51:20 Footprint coords will be rounded to nearest base unit.
Sat Nov 14 18:51:20 Footprint coords will be rounded to nearest base unit.
Sat Nov 14 18:51:20 Footprint coords will be rounded to nearest base unit.
Sat Nov 14 18:51:20 Footprint coords will be rounded to nearest base unit.
Sat Nov 14 18:51:20 Footprint coords will be rounded to nearest base unit.
Sat Nov 14 18:51:20 Footprint coords will be rounded to nearest base unit.
Sat Nov 14 18:51:20 Footprint coords will be rounded to nearest base unit.
Sat Nov 14 18:51:20 Footprint coords will be rounded to nearest base unit.
Sat Nov 14 18:51:20 Footprint coords will be rounded to nearest base unit.
Sat Nov 14 18:51:20 Footprint coords will be rounded to nearest base unit.
Sat Nov 14 18:51:20 Footprint coords will be rounded to nearest base unit.
Sat Nov 14 18:51:20 Loaded file C:\PROGRAM FILES\ORCAD\LAYOUT\data\template.imp
Sat Nov 14 18:51:20 Footprint coords will be rounded to nearest base unit.
Sat Nov 14 18:51:20 Footprint coords will be rounded to nearest base unit.
Sat Nov 14 18:51:20 Footprint coords will be rounded to nearest base unit.
Sat Nov 14 18:51:20 Footprint coords will be rounded to nearest base unit.
Sat Nov 14 18:51:20 Footprint coords will be rounded to nearest base unit.
Sat Nov 14 18:51:20 Footprint coords will be rounded to nearest base unit.
Sat Nov 14 18:51:20 Footprint coords will be rounded to nearest base unit.
Sat Nov 14 18:51:20 Footprint coords will be rounded to nearest base unit.
Sat Nov 14 18:51:20 Footprint coords will be rounded to nearest base unit.
Sat Nov 14 18:51:20 Footprint coords will be rounded to nearest base unit.
Sat Nov 14 18:51:20 Footprint coords will be rounded to nearest base unit.
Sat Nov 14 18:51:20 Footprint coords will be rounded to nearest base unit.
Sat Nov 14 18:51:20 Footprint coords will be rounded to nearest base unit.
Sat Nov 14 18:51:21 Loaded file C:\PROGRAM FILES\ORCAD\LAYOUT\data\template.imp
Sat Nov 14 18:51:21 Footprint coords will be rounded to nearest base unit.
Sat Nov 14 18:51:21 Footprint coords will be rounded to nearest base unit.
Sat Nov 14 18:51:21 Footprint coords will be rounded to nearest base unit.
Sat Nov 14 18:51:21 Footprint coords will be rounded to nearest base unit.
Sat Nov 14 18:51:21 Footprint coords will be rounded to nearest base unit.
Sat Nov 14 18:51:21 Footprint coords will be rounded to nearest base unit.
Sat Nov 14 18:51:21 Footprint coords will be rounded to nearest base unit.
Sat Nov 14 18:51:21 Footprint coords will be rounded to nearest base unit.
Sat Nov 14 18:51:21 Footprint coords will be rounded to nearest base unit.
Sat Nov 14 18:51:21 Footprint coords will be rounded to nearest base unit.
Sat Nov 14 18:51:21 Footprint coords will be rounded to nearest base unit.
Sat Nov 14 18:51:21 Footprint coords will be rounded to nearest base unit.
Sat Nov 14 18:51:21 Footprint coords will be rounded to nearest base unit.
Sat Nov 14 18:51:21 Footprint coords will be rounded to nearest base unit.
Sat Nov 14 18:51:21 Footprint coords will be rounded to nearest base unit.
Sat Nov 14 18:51:21 Footprint coords will be rounded to nearest base unit.
Sat Nov 14 18:51:21 Footprint coords will be rounded to nearest base unit.
Sat Nov 14 18:51:21 Footprint coords will be rounded to nearest base unit.
Sat Nov 14 18:51:21 Footprint coords will be rounded to nearest base unit.
Sat Nov 14 18:51:21 Footprint coords will be rounded to nearest base unit.
Sat Nov 14 18:51:21 Footprint coords will be rounded to nearest base unit.
Sat Nov 14 18:51:21 Footprint coords will be rounded to nearest base unit.
Sat Nov 14 18:51:21 Footprint coords will be rounded to nearest base unit.
Sat Nov 14 18:51:21 Footprint coords will be rounded to nearest base unit.
Sat Nov 14 18:51:21 Footprint coords will be rounded to nearest base unit.
Sat Nov 14 18:51:21 Footprint coords will be rounded to nearest base unit.
Sat Nov 14 18:51:21 Footprint coords will be rounded to nearest base unit.
Sat Nov 14 18:51:21 Footprint coords will be rounded to nearest base unit.
Sat Nov 14 18:51:21 Footprint coords will be rounded to nearest base unit.
Sat Nov 14 18:51:21 Footprint coords will be rounded to nearest base unit.
Sat Nov 14 18:51:21 Footprint coords will be rounded to nearest base unit.
Sat Nov 14 18:51:21 Footprint coords will be rounded to nearest base unit.
Sat Nov 14 18:51:21 Footprint coords will be rounded to nearest base unit.
Sat Nov 14 18:51:21 Footprint coords will be rounded to nearest base unit.
Sat Nov 14 18:51:21 Footprint coords will be rounded to nearest base unit.
Sat Nov 14 18:51:21 Footprint coords will be rounded to nearest base unit.
Sat Nov 14 18:51:21 Footprint coords will be rounded to nearest base unit.
Sat Nov 14 18:51:21 Footprint coords will be rounded to nearest base unit.
Sat Nov 14 18:51:21 Footprint coords will be rounded to nearest base unit.
Sat Nov 14 18:51:21 Footprint coords will be rounded to nearest base unit.
Sat Nov 14 18:51:21 Footprint coords will be rounded to nearest base unit.
Sat Nov 14 18:51:21 Footprint coords will be rounded to nearest base unit.
Sat Nov 14 18:51:21 Footprint coords will be rounded to nearest base unit.
Sat Nov 14 18:51:21 Footprint coords will be rounded to nearest base unit.
Sat Nov 14 18:51:22 Loaded file C:\PROGRAM FILES\ORCAD\LAYOUT\data\template.imp
Sat Nov 14 18:51:22 Footprint coords will be rounded to nearest base unit.
Sat Nov 14 18:51:22 Footprint coords will be rounded to nearest base unit.
Sat Nov 14 18:51:22 Footprint coords will be rounded to nearest base unit.
Sat Nov 14 18:51:22 Footprint coords will be rounded to nearest base unit.
Sat Nov 14 18:51:22 Footprint coords will be rounded to nearest base unit.
Sat Nov 14 18:51:23 Footprint coords will be rounded to nearest base unit.
Sat Nov 14 18:51:23 Footprint coords will be rounded to nearest base unit.
Sat Nov 14 18:51:23 Footprint coords will be rounded to nearest base unit.
Sat Nov 14 18:51:23 Footprint coords will be rounded to nearest base unit.
Sat Nov 14 18:51:23 Footprint coords will be rounded to nearest base unit.
Sat Nov 14 18:51:23 Footprint coords will be rounded to nearest base unit.
Sat Nov 14 18:51:23 Footprint coords will be rounded to nearest base unit.
Sat Nov 14 18:51:23 Footprint coords will be rounded to nearest base unit.
Sat Nov 14 18:51:23 Footprint coords will be rounded to nearest base unit.
Sat Nov 14 18:51:23 Footprint coords will be rounded to nearest base unit.
Sat Nov 14 18:51:23 Footprint coords will be rounded to nearest base unit.
Sat Nov 14 18:51:23 Footprint coords will be rounded to nearest base unit.
Sat Nov 14 18:51:23 Footprint coords will be rounded to nearest base unit.
Sat Nov 14 18:51:23 Footprint coords will be rounded to nearest base unit.
Sat Nov 14 18:51:23 Footprint coords will be rounded to nearest base unit.
Sat Nov 14 18:51:23 Footprint coords will be rounded to nearest base unit.
Sat Nov 14 18:51:23 Footprint coords will be rounded to nearest base unit.
Sat Nov 14 18:51:23 Footprint coords will be rounded to nearest base unit.
Sat Nov 14 18:51:23 Footprint coords will be rounded to nearest base unit.
Sat Nov 14 18:51:23 Footprint coords will be rounded to nearest base unit.
Sat Nov 14 18:51:23 Footprint coords will be rounded to nearest base unit.
Sat Nov 14 18:51:23 Loaded file C:\PROGRAM FILES\ORCAD\LAYOUT\data\template.imp
Sat Nov 14 18:51:23 Footprint coords will be rounded to nearest base unit.
Sat Nov 14 18:51:23 Footprint coords will be rounded to nearest base unit.
Sat Nov 14 18:51:23 Footprint coords will be rounded to nearest base unit.
Sat Nov 14 18:51:23 Footprint coords will be rounded to nearest base unit.
Sat Nov 14 18:51:23 Footprint coords will be rounded to nearest base unit.
Sat Nov 14 18:51:23 Loaded file C:\PROGRAM FILES\ORCAD\LAYOUT\data\template.imp
Sat Nov 14 18:51:23 Footprint coords will be rounded to nearest base unit.
Sat Nov 14 18:51:23 Footprint coords will be rounded to nearest base unit.
Sat Nov 14 18:51:23 Footprint coords will be rounded to nearest base unit.
Sat Nov 14 18:51:23 Footprint coords will be rounded to nearest base unit.
Sat Nov 14 18:51:23 Footprint coords will be rounded to nearest base unit.
Sat Nov 14 18:51:24 Loaded file C:\PROGRAM FILES\ORCAD\LAYOUT\data\template.imp
Sat Nov 14 18:51:24 Footprint coords will be rounded to nearest base unit.
Sat Nov 14 18:51:24 Footprint coords will be rounded to nearest base unit.
Sat Nov 14 18:51:24 Footprint coords will be rounded to nearest base unit.
Sat Nov 14 18:51:24 Footprint coords will be rounded to nearest base unit.
Sat Nov 14 18:51:24 Footprint coords will be rounded to nearest base unit.
Sat Nov 14 18:51:24 Footprint coords will be rounded to nearest base unit.
Sat Nov 14 18:51:24 Footprint coords will be rounded to nearest base unit.
Sat Nov 14 18:51:24 Footprint coords will be rounded to nearest base unit.
Sat Nov 14 18:51:24 Footprint coords will be rounded to nearest base unit.
Sat Nov 14 18:51:24 Footprint coords will be rounded to nearest base unit.
Sat Nov 14 18:51:24 Footprint coords will be rounded to nearest base unit.
Sat Nov 14 18:51:24 Footprint coords will be rounded to nearest base unit.
Sat Nov 14 18:51:24 Footprint coords will be rounded to nearest base unit.
Sat Nov 14 18:51:24 Footprint coords will be rounded to nearest base unit.
Sat Nov 14 18:51:24 Footprint coords will be rounded to nearest base unit.
Sat Nov 14 18:51:24 Footprint coords will be rounded to nearest base unit.
Sat Nov 14 18:51:24 Footprint coords will be rounded to nearest base unit.
Sat Nov 14 18:51:24 Footprint coords will be rounded to nearest base unit.
Sat Nov 14 18:51:24 Footprint coords will be rounded to nearest base unit.
Sat Nov 14 18:51:25 Loaded file C:\PROGRAM FILES\ORCAD\LAYOUT\data\template.imp
Sat Nov 14 18:51:25 Footprint coords will be rounded to nearest base unit.
Sat Nov 14 18:51:25 Footprint coords will be rounded to nearest base unit.
Sat Nov 14 18:51:25 Footprint coords will be rounded to nearest base unit.
Sat Nov 14 18:51:25 Footprint coords will be rounded to nearest base unit.
Sat Nov 14 18:51:25 Footprint coords will be rounded to nearest base unit.
Sat Nov 14 18:51:25 Footprint coords will be rounded to nearest base unit.
Sat Nov 14 18:51:25 Footprint coords will be rounded to nearest base unit.
Sat Nov 14 18:51:25 Footprint coords will be rounded to nearest base unit.
Sat Nov 14 18:51:25 Footprint coords will be rounded to nearest base unit.
Sat Nov 14 18:51:25 Footprint coords will be rounded to nearest base unit.
Sat Nov 14 18:51:25 Footprint coords will be rounded to nearest base unit.
Sat Nov 14 18:51:25 Footprint coords will be rounded to nearest base unit.
Sat Nov 14 18:51:25 Footprint coords will be rounded to nearest base unit.
Sat Nov 14 18:51:25 Footprint coords will be rounded to nearest base unit.
Sat Nov 14 18:51:25 Footprint coords will be rounded to nearest base unit.
Sat Nov 14 18:51:25 Footprint coords will be rounded to nearest base unit.
Sat Nov 14 18:51:25 Footprint coords will be rounded to nearest base unit.
Sat Nov 14 18:51:25 Footprint coords will be rounded to nearest base unit.
Sat Nov 14 18:51:25 Footprint coords will be rounded to nearest base unit.
Sat Nov 14 18:51:25 Footprint coords will be rounded to nearest base unit.
Sat Nov 14 18:51:25 Footprint coords will be rounded to nearest base unit.
Sat Nov 14 18:51:25 Footprint coords will be rounded to nearest base unit.
Sat Nov 14 18:51:25 Footprint coords will be rounded to nearest base unit.
Sat Nov 14 18:51:25 Footprint coords will be rounded to nearest base unit.
Sat Nov 14 18:51:25 Footprint coords will be rounded to nearest base unit.
Sat Nov 14 18:51:25 Footprint coords will be rounded to nearest base unit.
Sat Nov 14 18:51:25 Footprint coords will be rounded to nearest base unit.
Sat Nov 14 18:51:25 Footprint coords will be rounded to nearest base unit.
Sat Nov 14 18:51:25 Footprint coords will be rounded to nearest base unit.
Sat Nov 14 18:51:25 Footprint coords will be rounded to nearest base unit.
Sat Nov 14 18:51:25 Footprint coords will be rounded to nearest base unit.
Sat Nov 14 18:51:25 Footprint coords will be rounded to nearest base unit.
Sat Nov 14 18:51:25 Footprint coords will be rounded to nearest base unit.
Sat Nov 14 18:51:25 Footprint coords will be rounded to nearest base unit.
Sat Nov 14 18:51:25 Footprint coords will be rounded to nearest base unit.
Sat Nov 14 18:51:25 Footprint coords will be rounded to nearest base unit.
Sat Nov 14 18:51:25 Footprint coords will be rounded to nearest base unit.
Sat Nov 14 18:51:25 Footprint coords will be rounded to nearest base unit.
Sat Nov 14 18:51:25 Footprint coords will be rounded to nearest base unit.
Sat Nov 14 18:51:25 Footprint coords will be rounded to nearest base unit.
Sat Nov 14 18:51:25 Footprint coords will be rounded to nearest base unit.
Sat Nov 14 18:51:25 Footprint coords will be rounded to nearest base unit.
Sat Nov 14 18:51:25 Footprint coords will be rounded to nearest base unit.
Sat Nov 14 18:51:25 Footprint coords will be rounded to nearest base unit.
Sat Nov 14 18:51:25 Loaded file C:\PROGRAM FILES\ORCAD\LAYOUT\data\template.imp
Sat Nov 14 18:51:25 Footprint coords will be rounded to nearest base unit.
Sat Nov 14 18:51:25 Footprint coords will be rounded to nearest base unit.
Sat Nov 14 18:51:25 Footprint coords will be rounded to nearest base unit.
Sat Nov 14 18:51:25 Footprint coords will be rounded to nearest base unit.
Sat Nov 14 18:51:25 Footprint coords will be rounded to nearest base unit.
Sat Nov 14 18:51:25 Footprint coords will be rounded to nearest base unit.
Sat Nov 14 18:51:25 Footprint coords will be rounded to nearest base unit.
Sat Nov 14 18:51:25 Footprint coords will be rounded to nearest base unit.
Sat Nov 14 18:51:25 Footprint coords will be rounded to nearest base unit.
Sat Nov 14 18:51:25 Footprint coords will be rounded to nearest base unit.
Sat Nov 14 18:51:25 Footprint coords will be rounded to nearest base unit.
Sat Nov 14 18:51:25 Footprint coords will be rounded to nearest base unit.
Sat Nov 14 18:51:25 Footprint coords will be rounded to nearest base unit.
Sat Nov 14 18:51:25 Footprint coords will be rounded to nearest base unit.
Sat Nov 14 18:51:25 Footprint coords will be rounded to nearest base unit.
Sat Nov 14 18:51:25 Footprint coords will be rounded to nearest base unit.
Sat Nov 14 18:51:25 Footprint coords will be rounded to nearest base unit.
Sat Nov 14 18:51:25 Footprint coords will be rounded to nearest base unit.
Sat Nov 14 18:51:25 Footprint coords will be rounded to nearest base unit.
Sat Nov 14 18:51:25 Footprint coords will be rounded to nearest base unit.
Sat Nov 14 18:51:25 Footprint coords will be rounded to nearest base unit.
Sat Nov 14 18:51:25 Footprint coords will be rounded to nearest base unit.
Sat Nov 14 18:51:25 Footprint coords will be rounded to nearest base unit.
Sat Nov 14 18:51:25 Footprint coords will be rounded to nearest base unit.
Sat Nov 14 18:51:25 Footprint coords will be rounded to nearest base unit.
Sat Nov 14 18:51:25 Footprint coords will be rounded to nearest base unit.
Sat Nov 14 18:51:25 Footprint coords will be rounded to nearest base unit.
Sat Nov 14 18:51:25 Footprint coords will be rounded to nearest base unit.
Sat Nov 14 18:51:25 Footprint coords will be rounded to nearest base unit.
Sat Nov 14 18:51:25 Footprint coords will be rounded to nearest base unit.
Sat Nov 14 18:51:25 Footprint coords will be rounded to nearest base unit.
Sat Nov 14 18:51:25 Footprint coords will be rounded to nearest base unit.
Sat Nov 14 18:51:25 Footprint coords will be rounded to nearest base unit.
Sat Nov 14 18:51:25 Footprint coords will be rounded to nearest base unit.
Sat Nov 14 18:51:25 Footprint coords will be rounded to nearest base unit.
Sat Nov 14 18:51:25 Footprint coords will be rounded to nearest base unit.
Sat Nov 14 18:51:25 Footprint coords will be rounded to nearest base unit.
Sat Nov 14 18:51:26 Loaded file C:\PROGRAM FILES\ORCAD\LAYOUT\data\template.imp
Sat Nov 14 18:51:26 Footprint coords will be rounded to nearest base unit.
Sat Nov 14 18:51:26 Footprint coords will be rounded to nearest base unit.
Sat Nov 14 18:51:26 Footprint coords will be rounded to nearest base unit.
Sat Nov 14 18:51:26 Footprint coords will be rounded to nearest base unit.
Sat Nov 14 18:51:26 Footprint coords will be rounded to nearest base unit.
Sat Nov 14 18:51:26 Footprint coords will be rounded to nearest base unit.
Sat Nov 14 18:51:26 Footprint coords will be rounded to nearest base unit.
Sat Nov 14 18:51:26 Footprint coords will be rounded to nearest base unit.
Sat Nov 14 18:51:26 Footprint coords will be rounded to nearest base unit.
Sat Nov 14 18:51:26 Footprint coords will be rounded to nearest base unit.
Sat Nov 14 18:51:26 Footprint coords will be rounded to nearest base unit.
Sat Nov 14 18:51:26 Footprint coords will be rounded to nearest base unit.
Sat Nov 14 18:51:26 Footprint coords will be rounded to nearest base unit.
Sat Nov 14 18:51:26 Footprint coords will be rounded to nearest base unit.
Sat Nov 14 18:51:26 Footprint coords will be rounded to nearest base unit.
Sat Nov 14 18:51:26 Footprint coords will be rounded to nearest base unit.
Sat Nov 14 18:51:26 Footprint coords will be rounded to nearest base unit.
Sat Nov 14 18:51:26 Footprint coords will be rounded to nearest base unit.
Sat Nov 14 18:51:26 Footprint coords will be rounded to nearest base unit.
Sat Nov 14 18:51:26 Footprint coords will be rounded to nearest base unit.
Sat Nov 14 18:51:26 Footprint coords will be rounded to nearest base unit.
Sat Nov 14 18:51:26 Footprint coords will be rounded to nearest base unit.
Sat Nov 14 18:51:26 Footprint coords will be rounded to nearest base unit.
Sat Nov 14 18:51:26 Footprint coords will be rounded to nearest base unit.
Sat Nov 14 18:51:26 Footprint coords will be rounded to nearest base unit.
Sat Nov 14 18:51:26 Footprint coords will be rounded to nearest base unit.
Sat Nov 14 18:51:26 Footprint coords will be rounded to nearest base unit.
Sat Nov 14 18:51:26 Footprint coords will be rounded to nearest base unit.
Sat Nov 14 18:51:26 Footprint coords will be rounded to nearest base unit.
Sat Nov 14 18:51:26 Footprint coords will be rounded to nearest base unit.
Sat Nov 14 18:51:26 Footprint coords will be rounded to nearest base unit.
Sat Nov 14 18:51:26 Footprint coords will be rounded to nearest base unit.
Sat Nov 14 18:51:26 Footprint coords will be rounded to nearest base unit.
Sat Nov 14 18:51:26 Footprint coords will be rounded to nearest base unit.
Sat Nov 14 18:51:26 Footprint coords will be rounded to nearest base unit.
Sat Nov 14 18:51:26 Footprint coords will be rounded to nearest base unit.
Sat Nov 14 18:51:26 Footprint coords will be rounded to nearest base unit.
Sat Nov 14 18:51:26 Footprint coords will be rounded to nearest base unit.
Sat Nov 14 18:51:26 Footprint coords will be rounded to nearest base unit.
Sat Nov 14 18:51:26 Footprint coords will be rounded to nearest base unit.
Sat Nov 14 18:51:26 Footprint coords will be rounded to nearest base unit.
Sat Nov 14 18:51:26 Footprint coords will be rounded to nearest base unit.
Sat Nov 14 18:51:26 Footprint coords will be rounded to nearest base unit.
Sat Nov 14 18:51:26 Footprint coords will be rounded to nearest base unit.
Sat Nov 14 18:51:26 Loaded file C:\PROGRAM FILES\ORCAD\LAYOUT\data\template.imp
Sat Nov 14 18:51:26 Footprint coords will be rounded to nearest base unit.
Sat Nov 14 18:51:26 Footprint coords will be rounded to nearest base unit.
Sat Nov 14 18:51:26 Footprint coords will be rounded to nearest base unit.
Sat Nov 14 18:51:26 Footprint coords will be rounded to nearest base unit.
Sat Nov 14 18:51:26 Footprint coords will be rounded to nearest base unit.
Sat Nov 14 18:51:26 Footprint coords will be rounded to nearest base unit.
Sat Nov 14 18:51:26 Footprint coords will be rounded to nearest base unit.
Sat Nov 14 18:51:26 Footprint coords will be rounded to nearest base unit.
Sat Nov 14 18:51:26 Footprint coords will be rounded to nearest base unit.
Sat Nov 14 18:51:26 Footprint coords will be rounded to nearest base unit.
Sat Nov 14 18:51:26 Footprint coords will be rounded to nearest base unit.
Sat Nov 14 18:51:26 Footprint coords will be rounded to nearest base unit.
Sat Nov 14 18:51:26 Footprint coords will be rounded to nearest base unit.
Sat Nov 14 18:51:26 Footprint coords will be rounded to nearest base unit.
Sat Nov 14 18:51:26 Footprint coords will be rounded to nearest base unit.
Sat Nov 14 18:51:26 Footprint coords will be rounded to nearest base unit.
Sat Nov 14 18:51:26 Footprint coords will be rounded to nearest base unit.
Sat Nov 14 18:51:26 Footprint coords will be rounded to nearest base unit.
Sat Nov 14 18:51:26 Footprint coords will be rounded to nearest base unit.
Sat Nov 14 18:51:27 Loaded file C:\PROGRAM FILES\ORCAD\LAYOUT\data\template.imp
Sat Nov 14 18:51:27 Footprint coords will be rounded to nearest base unit.
Sat Nov 14 18:51:27 Footprint coords will be rounded to nearest base unit.
Sat Nov 14 18:51:27 Footprint coords will be rounded to nearest base unit.
Sat Nov 14 18:51:27 Footprint coords will be rounded to nearest base unit.
Sat Nov 14 18:51:27 Footprint coords will be rounded to nearest base unit.
Sat Nov 14 18:51:27 Loaded file C:\PROGRAM FILES\ORCAD\LAYOUT\data\template.imp
Sat Nov 14 18:51:27 Footprint coords will be rounded to nearest base unit.
Sat Nov 14 18:51:27 Footprint coords will be rounded to nearest base unit.
Sat Nov 14 18:51:27 Footprint coords will be rounded to nearest base unit.
Sat Nov 14 18:51:27 Footprint coords will be rounded to nearest base unit.
Sat Nov 14 18:51:27 Footprint coords will be rounded to nearest base unit.
Sat Nov 14 18:51:28 Loaded file C:\PROGRAM FILES\ORCAD\LAYOUT\data\template.imp
Sat Nov 14 18:51:28 Footprint coords will be rounded to nearest base unit.
Sat Nov 14 18:51:28 Footprint coords will be rounded to nearest base unit.
Sat Nov 14 18:51:28 Footprint coords will be rounded to nearest base unit.
Sat Nov 14 18:51:28 Footprint coords will be rounded to nearest base unit.
Sat Nov 14 18:51:28 Footprint coords will be rounded to nearest base unit.
Sat Nov 14 18:51:28 Loaded file C:\PROGRAM FILES\ORCAD\LAYOUT\data\template.imp
Sat Nov 14 18:51:28 Footprint coords will be rounded to nearest base unit.
Sat Nov 14 18:51:28 Footprint coords will be rounded to nearest base unit.
Sat Nov 14 18:51:28 Footprint coords will be rounded to nearest base unit.
Sat Nov 14 18:51:28 Footprint coords will be rounded to nearest base unit.
Sat Nov 14 18:51:28 Footprint coords will be rounded to nearest base unit.
Sat Nov 14 18:51:28 Footprint coords will be rounded to nearest base unit.
Sat Nov 14 18:51:28 Footprint coords will be rounded to nearest base unit.
Sat Nov 14 18:51:28 Footprint coords will be rounded to nearest base unit.
Sat Nov 14 18:51:28 Footprint coords will be rounded to nearest base unit.
Sat Nov 14 18:51:28 Footprint coords will be rounded to nearest base unit.
Sat Nov 14 18:51:28 Footprint coords will be rounded to nearest base unit.
Sat Nov 14 18:51:28 Footprint coords will be rounded to nearest base unit.
Sat Nov 14 18:51:28 Footprint coords will be rounded to nearest base unit.
Sat Nov 14 18:51:28 Footprint coords will be rounded to nearest base unit.
Sat Nov 14 18:51:28 Footprint coords will be rounded to nearest base unit.
Sat Nov 14 18:51:28 Footprint coords will be rounded to nearest base unit.
Sat Nov 14 18:51:28 Footprint coords will be rounded to nearest base unit.
Sat Nov 14 18:51:28 Footprint coords will be rounded to nearest base unit.
Sat Nov 14 18:51:28 Footprint coords will be rounded to nearest base unit.
Sat Nov 14 18:51:28 Footprint coords will be rounded to nearest base unit.
Sat Nov 14 18:51:28 Footprint coords will be rounded to nearest base unit.
Sat Nov 14 18:51:28 Footprint coords will be rounded to nearest base unit.
Sat Nov 14 18:51:28 Footprint coords will be rounded to nearest base unit.
Sat Nov 14 18:51:28 Footprint coords will be rounded to nearest base unit.
Sat Nov 14 18:51:28 Footprint coords will be rounded to nearest base unit.
Sat Nov 14 18:51:28 Footprint coords will be rounded to nearest base unit.
