Mon Jun 07 01:30:48 Saved as file ~undo.max
Mon Jun 07 01:37:44 Saved as file BACKUP1.MAX
Mon Jun 07 01:43:30 Saved as file D:\SOURCE BOOK\DESIGN\POWERAMP\CLASS-AB\CLASS-AB.MAX
Mon Jun 07 01:45:01 Saved as file D:\SOURCE BOOK\DESIGN\POWERAMP\CLASS-AB\CLASS-AB.MAX
Mon Jun 07 01:48:14 Saved as file BACKUP1.MAX
Mon Jun 07 01:58:44 Saved as file BACKUP1.MAX
Mon Jun 07 02:08:44 Saved as file BACKUP1.MAX
Mon Jun 07 02:19:14 Saved as file BACKUP1.MAX
Mon Sep 21 10:27:03 Saved as file BACKUP1.MAX
Mon Sep 21 10:31:45 Saved as file ~undo.max
Mon Sep 21 10:41:03 Saved as file BACKUP1.MAX
Tue Sep 22 11:01:36 Saved as file BACKUP1.MAX
Tue Sep 22 11:11:36 Saved as file BACKUP1.MAX
Wed Sep 23 11:56:29 Saved as file BACKUP1.MAX
Wed Sep 23 12:06:30 Saved as file BACKUP1.MAX
Wed Sep 23 12:42:31 Saved as file BACKUP1.MAX
Wed Sep 23 12:42:32 Error code 0034.912 (266)
Wed Sep 23 12:42:34 Saved as file Backup0.max
Wed Sep 23 12:42:34 Windows which were open at time of error:
Wed Sep 23 12:42:34 	ActiveWindow: &Design
Wed Sep 23 12:42:34 	Icon: &Components
Wed Sep 23 12:42:34 	Icon: &Nets
Wed Sep 23 12:42:34 	Icon: Post Proces&s
Wed Sep 23 12:42:34 End-of-list
Wed Sep 23 12:42:34 Error code 0034.912 (266)
Wed Sep 23 13:33:11 Saved as file BACKUP1.MAX
Wed Sep 23 13:43:11 Saved as file BACKUP1.MAX
Wed Sep 23 13:53:11 Saved as file BACKUP1.MAX
Wed Sep 23 14:03:11 Saved as file BACKUP1.MAX
Wed Sep 23 14:13:12 Saved as file BACKUP1.MAX
Thu Sep 24 12:14:02 Saved as file BACKUP1.MAX
Thu Sep 24 12:25:03 Saved as file BACKUP1.MAX
Thu Sep 24 16:21:50 Saved as file ~undo.max
Thu Sep 24 16:23:25 Saved as file BACKUP1.MAX
Thu Sep 24 16:33:55 Saved as file BACKUP1.MAX
Thu Sep 24 16:38:08 Saved as file ~undo.max
Thu Sep 24 16:43:55 Saved as file BACKUP1.MAX
Thu Sep 24 16:53:56 Saved as file BACKUP1.MAX
Thu Sep 24 17:03:56 Saved as file BACKUP1.MAX
Thu Sep 24 17:13:56 Saved as file BACKUP1.MAX
Thu Sep 24 17:23:57 Saved as file BACKUP1.MAX
Thu Sep 24 17:33:57 Saved as file BACKUP1.MAX
Thu Sep 24 17:43:57 Saved as file BACKUP1.MAX
Thu Sep 24 17:53:58 Saved as file BACKUP1.MAX
Thu Sep 24 18:03:58 Saved as file BACKUP1.MAX
Thu Sep 24 18:13:58 Saved as file BACKUP1.MAX
Thu Sep 24 18:23:58 Saved as file BACKUP1.MAX
Thu Sep 24 18:33:59 Saved as file BACKUP1.MAX
Thu Sep 24 18:43:59 Saved as file BACKUP1.MAX
Thu Sep 24 18:53:59 Saved as file BACKUP1.MAX
Thu Sep 24 19:04:00 Saved as file BACKUP1.MAX
Thu Sep 24 19:14:00 Saved as file BACKUP1.MAX
Thu Sep 24 19:24:00 Saved as file BACKUP1.MAX
Thu Sep 24 19:34:00 Saved as file BACKUP1.MAX
Thu Sep 24 19:44:01 Saved as file BACKUP1.MAX
Thu Sep 24 19:54:01 Saved as file BACKUP1.MAX
Thu Sep 24 20:04:01 Saved as file BACKUP1.MAX
Thu Sep 24 20:14:02 Saved as file BACKUP1.MAX
Thu Sep 24 20:24:32 Saved as file BACKUP1.MAX
Thu Sep 24 20:34:32 Saved as file BACKUP1.MAX
Thu Sep 24 20:44:33 Saved as file BACKUP1.MAX
Thu Sep 24 20:54:33 Saved as file BACKUP1.MAX
Thu Sep 24 21:04:33 Saved as file BACKUP1.MAX
Thu Sep 24 21:14:33 Saved as file BACKUP1.MAX
Thu Sep 24 21:24:34 Saved as file BACKUP1.MAX
Thu Sep 24 21:34:34 Saved as file BACKUP1.MAX
Thu Sep 24 21:44:34 Saved as file BACKUP1.MAX
Fri Sep 25 13:36:28 Saved as file BACKUP1.MAX
Fri Sep 25 13:46:28 Saved as file BACKUP1.MAX
Fri Sep 25 17:36:32 Saved as file BACKUP1.MAX
Fri Sep 25 17:46:32 Saved as file BACKUP1.MAX
Fri Sep 25 17:56:32 Saved as file BACKUP1.MAX
Fri Sep 25 18:06:33 Saved as file BACKUP1.MAX
Fri Sep 25 18:16:33 Saved as file BACKUP1.MAX
Fri Sep 25 18:26:33 Saved as file BACKUP1.MAX
Fri Sep 25 18:36:34 Saved as file BACKUP1.MAX
Fri Sep 25 18:46:34 Saved as file BACKUP1.MAX
Mon Sep 28 12:43:08 Saved as file BACKUP1.MAX
Mon Sep 28 12:44:19 Saved as file ~undo.max
Mon Sep 28 12:45:47 Saved as file ~undo.max
Mon Sep 28 12:47:53 Saved as file ~undo.max
Mon Sep 28 12:48:44 Saved as file ~undo.max
Mon Sep 28 12:53:08 Saved as file BACKUP1.MAX
Mon Sep 28 12:59:09 Saved as file D:\PROJECTS\ORCAD\CLASS-AB\CLASS-AB1.MAX
Mon Oct 05 18:17:30 Saved as file BACKUP1.MAX
Mon Oct 05 18:27:30 Saved as file BACKUP1.MAX
Mon Oct 05 18:37:31 Saved as file BACKUP1.MAX
Mon Oct 05 18:48:01 Saved as file BACKUP1.MAX
Mon Oct 05 18:58:01 Saved as file BACKUP1.MAX
Mon Oct 05 19:08:02 Saved as file BACKUP1.MAX
Mon Oct 05 19:18:02 Saved as file BACKUP1.MAX
Mon Oct 05 19:28:02 Saved as file BACKUP1.MAX
Mon Oct 05 19:38:02 Saved as file BACKUP1.MAX
Mon Oct 05 19:48:03 Saved as file BACKUP1.MAX
Mon Oct 05 19:58:03 Saved as file BACKUP1.MAX
Mon Oct 05 20:08:03 Saved as file BACKUP1.MAX
Mon Oct 05 20:18:04 Saved as file BACKUP1.MAX
Mon Oct 05 20:21:09 Saved as file D:\PROJECTS\ORCAD\CLASS-AB\CLASS-AB1.MAX
Wed Oct 07 18:22:01 Saved as file BACKUP1.MAX
Wed Oct 07 18:32:01 Saved as file BACKUP1.MAX
Wed Oct 07 18:42:01 Saved as file BACKUP1.MAX
Wed Oct 07 18:52:02 Saved as file BACKUP1.MAX
Wed Oct 07 19:02:02 Saved as file BACKUP1.MAX
Wed Oct 07 19:12:02 Saved as file BACKUP1.MAX
Wed Oct 07 19:22:03 Saved as file BACKUP1.MAX
Wed Oct 07 19:32:03 Saved as file BACKUP1.MAX
Wed Oct 07 19:42:03 Saved as file BACKUP1.MAX
Wed Oct 07 19:52:03 Saved as file BACKUP1.MAX
Wed Oct 07 20:02:04 Saved as file BACKUP1.MAX
