Sat Nov 07 19:54:45 Saved as file D:\PROJECTS\ORCAD\TRIACS_CONTROL\LIBRARY\TRIACS_CONTROL.LLB
Sat Nov 07 19:54:45 Loaded file D:\PROJECTS\ORCAD\TRIACS_CONTROL\LIBRARY\TRIACS_CONTROL.LLB
Sat Nov 07 19:54:45 Saved as file D:\PROJECTS\ORCAD\TRIACS_CONTROL\LIBRARY\TRIACS_CONTROL.LLB
Sat Nov 07 19:54:48 Loaded file D:\PROJECTS\ORCAD\TRIACS_CONTROL\LIBRARY\TRIACS_CONTROL.LLB
Sat Nov 07 19:54:48 Saved as file D:\PROJECTS\ORCAD\TRIACS_CONTROL\LIBRARY\TRIACS_CONTROL.LLB
Sat Nov 07 19:54:52 Loaded file C:\Program Files\Orcad\Layout\data\template.met
Sat Nov 07 19:54:52 Error code 5226.020 (1)
Sat Nov 07 19:54:52 Saved as file Backup0.max
Sat Nov 07 19:54:52 Windows which were open at time of error:
Sat Nov 07 19:54:52 	ActiveWindow: Library Manager
Sat Nov 07 19:54:52 End-of-list
Sat Nov 07 19:54:52 Loaded file C:\PROGRAM FILES\ORCAD\LAYOUT\data\DEFAULT.MAX
Sat Nov 07 19:54:52 Loaded file C:\PROGRAM FILES\ORCAD\LAYOUT\data\template.imp
Sat Nov 07 19:54:52 Loaded file C:\PROGRAM FILES\ORCAD\LAYOUT\data\template.imp
Sat Nov 07 19:54:58 Loaded file D:\PROJECTS\ORCAD\TRIACS_CONTROL\LIBRARY\TRIACS_CONTROL.LLB
Sat Nov 07 19:55:00 Loaded file C:\PROGRAM FILES\ORCAD\LAYOUT\data\template.met
Sat Nov 07 19:55:02 Loaded file D:\PROJECTS\ORCAD\EXITATION_MODULE\MAIN_PCB\EXITATION_4CH.MAX
Sat Nov 07 19:55:07 Loaded file C:\PROGRAM FILES\ORCAD\LAYOUT\data\template.met
Sat Nov 07 19:55:14 Loaded file C:\PROGRAM FILES\ORCAD\LAYOUT\data\template.met
Sat Nov 07 19:55:16 Loaded file C:\PROGRAM FILES\ORCAD\LAYOUT\data\template.met
Sat Nov 07 19:55:16 Loaded file C:\PROGRAM FILES\ORCAD\LAYOUT\data\template.met
Sat Nov 07 19:55:21 Loaded file C:\PROGRAM FILES\ORCAD\LAYOUT\data\template.met
Sat Nov 07 19:55:26 Loaded file C:\PROGRAM FILES\ORCAD\LAYOUT\data\template.met
Sat Nov 07 19:55:34 Loaded file C:\PROGRAM FILES\ORCAD\LAYOUT\data\template.met
Sat Nov 07 19:55:35 Loaded file C:\PROGRAM FILES\ORCAD\LAYOUT\data\template.met
Sat Nov 07 19:55:35 Loaded file C:\PROGRAM FILES\ORCAD\LAYOUT\data\template.met
Sat Nov 07 19:55:41 Loaded file C:\PROGRAM FILES\ORCAD\LAYOUT\data\template.met
Sat Nov 07 19:55:42 Loaded file C:\PROGRAM FILES\ORCAD\LAYOUT\data\template.met
Sat Nov 07 19:55:42 Loaded file C:\PROGRAM FILES\ORCAD\LAYOUT\data\template.met
Sat Nov 07 19:55:43 Loaded file C:\PROGRAM FILES\ORCAD\LAYOUT\data\template.met
Sat Nov 07 19:55:44 Loaded file C:\PROGRAM FILES\ORCAD\LAYOUT\data\template.met
Sat Nov 07 19:55:45 Loaded file C:\PROGRAM FILES\ORCAD\LAYOUT\data\template.met
Sat Nov 07 19:55:47 Loaded file C:\PROGRAM FILES\ORCAD\LAYOUT\data\template.met
Sat Nov 07 19:55:49 Loaded file C:\PROGRAM FILES\ORCAD\LAYOUT\data\template.met
Sat Nov 07 19:55:50 Loaded file C:\PROGRAM FILES\ORCAD\LAYOUT\data\template.met
Sat Nov 07 19:55:51 Loaded file C:\PROGRAM FILES\ORCAD\LAYOUT\data\template.met
Sat Nov 07 19:56:09 Loaded file D:\PROJECTS\ORCAD\TRIACS_CONTROL\LIBRARY\TRIACS_CONTROL.LLB
Sat Nov 07 19:56:09 Saved as file D:\PROJECTS\ORCAD\TRIACS_CONTROL\LIBRARY\TRIACS_CONTROL.LLB
Sat Nov 07 19:56:13 Loaded file D:\PROJECTS\ORCAD\TRIACS_CONTROL\LIBRARY\TRIACS_CONTROL.LLB
Sat Nov 07 19:56:14 Loaded file D:\PROJECTS\ORCAD\EXITATION_MODULE\MAIN_PCB\EXITATION_4CH.MAX
Sat Nov 07 19:56:20 Loaded file C:\PROGRAM FILES\ORCAD\LAYOUT\data\template.met
Sat Nov 07 19:56:21 Loaded file C:\PROGRAM FILES\ORCAD\LAYOUT\data\template.met
Sat Nov 07 19:56:22 Loaded file C:\PROGRAM FILES\ORCAD\LAYOUT\data\template.met
Sat Nov 07 19:56:24 Loaded file C:\PROGRAM FILES\ORCAD\LAYOUT\data\template.met
Sat Nov 07 19:56:25 Loaded file C:\PROGRAM FILES\ORCAD\LAYOUT\data\template.met
Sat Nov 07 19:56:26 Loaded file C:\PROGRAM FILES\ORCAD\LAYOUT\data\template.met
Sat Nov 07 19:56:27 Loaded file C:\PROGRAM FILES\ORCAD\LAYOUT\data\template.met
Sat Nov 07 19:56:30 Loaded file C:\PROGRAM FILES\ORCAD\LAYOUT\data\template.met
Sat Nov 07 19:56:31 Loaded file C:\PROGRAM FILES\ORCAD\LAYOUT\data\template.met
Sat Nov 07 19:56:32 Loaded file C:\PROGRAM FILES\ORCAD\LAYOUT\data\template.met
Sat Nov 07 19:56:33 Loaded file C:\PROGRAM FILES\ORCAD\LAYOUT\data\template.met
Sat Nov 07 19:56:34 Loaded file C:\PROGRAM FILES\ORCAD\LAYOUT\data\template.met
Sat Nov 07 19:56:38 Loaded file C:\PROGRAM FILES\ORCAD\LAYOUT\data\template.met
Sat Nov 07 19:56:42 Loaded file C:\PROGRAM FILES\ORCAD\LAYOUT\data\template.met
Sat Nov 07 19:56:42 Loaded file C:\PROGRAM FILES\ORCAD\LAYOUT\data\template.met
Sat Nov 07 19:56:43 Loaded file C:\PROGRAM FILES\ORCAD\LAYOUT\data\template.met
Sat Nov 07 19:56:45 Loaded file C:\PROGRAM FILES\ORCAD\LAYOUT\data\template.met
Sat Nov 07 19:58:57 Loaded file D:\PROJECTS\ORCAD\TRIACS_CONTROL\LIBRARY\TRIACS_CONTROL.LLB
Sat Nov 07 19:58:57 Saved as file D:\PROJECTS\ORCAD\TRIACS_CONTROL\LIBRARY\TRIACS_CONTROL.LLB
Sat Nov 07 19:59:03 Loaded file C:\PROGRAM FILES\ORCAD\LAYOUT\data\template.met
Sat Nov 07 19:59:07 Loaded file C:\PROGRAM FILES\ORCAD\LAYOUT\data\template.met
Sat Nov 07 19:59:09 Loaded file C:\PROGRAM FILES\ORCAD\LAYOUT\data\template.met
Sat Nov 07 19:59:11 Loaded file C:\PROGRAM FILES\ORCAD\LAYOUT\data\template.met
Sat Nov 07 19:59:11 Loaded file C:\PROGRAM FILES\ORCAD\LAYOUT\data\template.met
Sat Nov 07 19:59:13 Loaded file C:\PROGRAM FILES\ORCAD\LAYOUT\data\template.met
Sat Nov 07 19:59:14 Loaded file C:\PROGRAM FILES\ORCAD\LAYOUT\data\template.met
Sat Nov 07 19:59:17 Loaded file C:\PROGRAM FILES\ORCAD\LAYOUT\data\template.met
Sat Nov 07 19:59:19 Loaded file C:\PROGRAM FILES\ORCAD\LAYOUT\data\template.met
Sat Nov 07 19:59:38 Loaded file C:\PROGRAM FILES\ORCAD\LAYOUT\data\template.met
Sat Nov 07 19:59:46 Loaded file C:\PROGRAM FILES\ORCAD\LAYOUT\data\template.met
Sat Nov 07 19:59:52 Loaded file C:\PROGRAM FILES\ORCAD\LAYOUT\data\template.met
Sat Nov 07 19:59:53 Loaded file C:\PROGRAM FILES\ORCAD\LAYOUT\data\template.met
Sat Nov 07 19:59:54 Loaded file C:\PROGRAM FILES\ORCAD\LAYOUT\data\template.met
Sat Nov 07 19:59:54 Loaded file C:\PROGRAM FILES\ORCAD\LAYOUT\data\template.met
Sat Nov 07 20:02:16 Loaded file D:\PROJECTS\ORCAD\TRIACS_CONTROL\LIBRARY\TRIACS_CONTROL.LLB
Sat Nov 07 20:02:17 Saved as file D:\PROJECTS\ORCAD\TRIACS_CONTROL\LIBRARY\TRIACS_CONTROL.LLB
Sat Nov 07 20:02:19 Loaded file C:\Program Files\Orcad\Layout\data\template.met
Sat Nov 07 20:02:27 Loaded file C:\Program Files\Orcad\Layout\data\template.met
Sat Nov 07 20:02:30 Loaded file C:\Program Files\Orcad\Layout\data\template.met
Sat Nov 07 20:02:38 Loaded file C:\Program Files\Orcad\Layout\data\template.met
Sat Nov 07 20:02:41 Loaded file D:\PROJECTS\ORCAD\EXITATION_MODULE\PROTECTION\PROTECTION.MAX
Sat Nov 07 20:02:47 Loaded file D:\PROJECTS\ORCAD\TRIACS_CONTROL\LIBRARY\TRIACS_CONTROL.LLB
Sat Nov 07 20:02:47 Saved as file D:\PROJECTS\ORCAD\TRIACS_CONTROL\LIBRARY\TRIACS_CONTROL.LLB
Sat Nov 07 20:02:48 Loaded file C:\Program Files\Orcad\Layout\data\template.met
Sat Nov 07 20:02:49 Loaded file C:\Program Files\Orcad\Layout\data\template.met
Sat Nov 07 20:02:50 Loaded file C:\Program Files\Orcad\Layout\data\template.met
Sat Nov 07 20:03:00 Loaded file D:\PROJECTS\ORCAD\TRIACS_CONTROL\LIBRARY\TRIACS_CONTROL.LLB
Sat Nov 07 20:03:00 Saved as file D:\PROJECTS\ORCAD\TRIACS_CONTROL\LIBRARY\TRIACS_CONTROL.LLB
Sat Nov 07 20:03:03 Loaded file C:\Program Files\Orcad\Layout\data\template.met
Sat Nov 07 20:03:04 Loaded file C:\Program Files\Orcad\Layout\data\template.met
Sat Nov 07 20:03:07 Loaded file C:\Program Files\Orcad\Layout\data\template.met
Sat Nov 07 20:03:08 Loaded file C:\Program Files\Orcad\Layout\data\template.met
Sat Nov 07 20:03:08 Loaded file C:\Program Files\Orcad\Layout\data\template.met
Sat Nov 07 20:03:09 Loaded file C:\Program Files\Orcad\Layout\data\template.met
Sat Nov 07 20:03:10 Loaded file C:\Program Files\Orcad\Layout\data\template.met
Sat Nov 07 20:03:20 Loaded file C:\Program Files\Orcad\Layout\data\template.met
Sat Nov 07 20:03:21 Loaded file C:\Program Files\Orcad\Layout\data\template.met
Sat Nov 07 20:03:24 Loaded file C:\Program Files\Orcad\Layout\data\template.met
Sat Nov 07 20:04:12 Loaded file C:\Program Files\Orcad\Layout\data\template.met
Sat Nov 07 20:04:27 Loaded file C:\Program Files\Orcad\Layout\data\template.met
Sat Nov 07 20:04:28 Loaded file C:\Program Files\Orcad\Layout\data\template.met
Sat Nov 07 20:04:29 Loaded file C:\Program Files\Orcad\Layout\data\template.met
Sat Nov 07 20:04:35 Loaded file C:\Program Files\Orcad\Layout\data\template.met
Sat Nov 07 20:04:38 Loaded file C:\Program Files\Orcad\Layout\data\template.met
Sat Nov 07 20:04:41 Loaded file C:\Program Files\Orcad\Layout\data\template.met
Sat Nov 07 20:04:41 Loaded file C:\Program Files\Orcad\Layout\data\template.met
Sat Nov 07 20:04:42 Loaded file C:\Program Files\Orcad\Layout\data\template.met
Sat Nov 07 20:04:42 Loaded file C:\Program Files\Orcad\Layout\data\template.met
Sat Nov 07 20:04:42 Loaded file C:\Program Files\Orcad\Layout\data\template.met
Sat Nov 07 20:04:43 Loaded file C:\Program Files\Orcad\Layout\data\template.met
Sat Nov 07 20:04:43 Loaded file C:\Program Files\Orcad\Layout\data\template.met
Sat Nov 07 20:04:44 Loaded file C:\Program Files\Orcad\Layout\data\template.met
Sat Nov 07 20:04:45 Loaded file C:\Program Files\Orcad\Layout\data\template.met
Sat Nov 07 20:04:45 Loaded file C:\Program Files\Orcad\Layout\data\template.met
Sat Nov 07 20:04:46 Loaded file C:\Program Files\Orcad\Layout\data\template.met
Sat Nov 07 20:31:06 Loaded file D:\PROJECTS\ORCAD\EXITATION_MODULE\PROTECTION\PROTECTION.MAX
Sat Nov 07 20:31:09 Loaded file C:\Program Files\Orcad\Layout\data\template.met
Sat Nov 07 20:31:10 Loaded file C:\Program Files\Orcad\Layout\data\template.met
Sat Nov 07 20:31:16 Loaded file D:\PROJECTS\ORCAD\TRIACS_CONTROL\LIBRARY\TRIACS_CONTROL.LLB
Sat Nov 07 20:31:16 Saved as file D:\PROJECTS\ORCAD\TRIACS_CONTROL\LIBRARY\TRIACS_CONTROL.LLB
Sat Nov 07 20:31:19 Loaded file D:\PROJECTS\ORCAD\TRIACS_CONTROL\LIBRARY\TRIACS_CONTROL.LLB
Sat Nov 07 20:31:21 Loaded file C:\Program Files\Orcad\Layout\data\template.met
Sat Nov 07 20:31:22 Loaded file C:\Program Files\Orcad\Layout\data\template.met
Sat Nov 07 20:31:23 Loaded file C:\Program Files\Orcad\Layout\data\template.met
Sat Nov 07 20:31:23 Loaded file C:\Program Files\Orcad\Layout\data\template.met
Sat Nov 07 20:31:24 Loaded file C:\Program Files\Orcad\Layout\data\template.met
Sat Nov 07 20:31:25 Loaded file C:\Program Files\Orcad\Layout\data\template.met
Sat Nov 07 20:31:25 Loaded file C:\Program Files\Orcad\Layout\data\template.met
Sat Nov 07 20:31:27 Loaded file C:\Program Files\Orcad\Layout\data\template.met
Sat Nov 07 20:31:28 Loaded file C:\Program Files\Orcad\Layout\data\template.met
Sat Nov 07 20:31:30 Loaded file C:\Program Files\Orcad\Layout\data\template.met
Sat Nov 07 20:31:30 Loaded file C:\Program Files\Orcad\Layout\data\template.met
Sat Nov 07 20:31:31 Loaded file C:\Program Files\Orcad\Layout\data\template.met
Sat Nov 07 20:31:33 Loaded file C:\Program Files\Orcad\Layout\data\template.met
Sat Nov 07 20:31:34 Loaded file C:\Program Files\Orcad\Layout\data\template.met
Sat Nov 07 20:31:37 Loaded file C:\Program Files\Orcad\Layout\data\template.met
Sat Nov 07 20:31:38 Loaded file C:\Program Files\Orcad\Layout\data\template.met
Sat Nov 07 20:31:38 Loaded file C:\Program Files\Orcad\Layout\data\template.met
Sat Nov 07 20:31:39 Loaded file C:\Program Files\Orcad\Layout\data\template.met
Sat Nov 07 20:31:39 Loaded file C:\Program Files\Orcad\Layout\data\template.met
Sat Nov 07 20:31:40 Loaded file C:\Program Files\Orcad\Layout\data\template.met
Sat Nov 07 20:31:41 Loaded file C:\Program Files\Orcad\Layout\data\template.met
Sat Nov 07 20:31:45 Loaded file C:\Program Files\Orcad\Layout\data\template.met
Sat Nov 07 20:31:51 Loaded file D:\PROJECTS\ORCAD\EXITATION_MODULE\MAIN_PCB\EXITATION_4CH.MAX
Sat Nov 07 20:31:54 Loaded file C:\Program Files\Orcad\Layout\data\template.met
Sat Nov 07 20:31:58 Loaded file C:\Program Files\Orcad\Layout\data\template.met
Sat Nov 07 20:31:59 Loaded file C:\Program Files\Orcad\Layout\data\template.met
Sat Nov 07 20:32:01 Loaded file C:\Program Files\Orcad\Layout\data\template.met
Sat Nov 07 20:32:02 Loaded file C:\Program Files\Orcad\Layout\data\template.met
Sat Nov 07 20:32:04 Loaded file C:\Program Files\Orcad\Layout\data\template.met
Sat Nov 07 20:32:07 Loaded file C:\Program Files\Orcad\Layout\data\template.met
Sat Nov 07 20:32:11 Loaded file C:\Program Files\Orcad\Layout\data\template.met
Sat Nov 07 20:32:17 Loaded file C:\Program Files\Orcad\Layout\data\template.met
Sat Nov 07 20:32:18 Loaded file C:\Program Files\Orcad\Layout\data\template.met
Sat Nov 07 20:32:21 Loaded file C:\Program Files\Orcad\Layout\data\template.met
Sat Nov 07 20:32:25 Loaded file C:\Program Files\Orcad\Layout\library\BCON100T.llb
Sat Nov 07 20:32:26 Loaded file D:\PROJECTS\ORCAD\EXITATION_MODULE\PROTECTION\PROTECTION.MAX
Sat Nov 07 20:32:27 Loaded file D:\PROJECTS\ORCAD\TRIACS_CONTROL\LIBRARY\TRIACS_CONTROL.LLB
Sat Nov 07 20:32:31 Loaded file C:\Program Files\Orcad\Layout\data\template.met
Sat Nov 07 20:32:31 Loaded file C:\Program Files\Orcad\Layout\data\template.met
Sat Nov 07 20:32:32 Loaded file C:\Program Files\Orcad\Layout\data\template.met
Sat Nov 07 20:32:32 Loaded file C:\Program Files\Orcad\Layout\data\template.met
Sat Nov 07 20:32:33 Loaded file C:\Program Files\Orcad\Layout\data\template.met
Sat Nov 07 20:32:34 Loaded file C:\Program Files\Orcad\Layout\data\template.met
Sat Nov 07 20:32:34 Loaded file C:\Program Files\Orcad\Layout\data\template.met
Sat Nov 07 20:32:35 Loaded file D:\PROJECTS\ORCAD\EXITATION_MODULE\MAIN_PCB\EXITATION_4CH.MAX
Sat Nov 07 20:32:40 Loaded file C:\Program Files\Orcad\Layout\data\template.met
Sat Nov 07 20:32:44 Loaded file D:\PROJECTS\ORCAD\TRIACS_CONTROL\LIBRARY\TRIACS_CONTROL.LLB
Sat Nov 07 20:32:44 Saved as file D:\PROJECTS\ORCAD\TRIACS_CONTROL\LIBRARY\TRIACS_CONTROL.LLB
Sat Nov 07 20:32:47 Loaded file C:\Program Files\Orcad\Layout\data\template.met
Sat Nov 07 20:32:48 Loaded file C:\Program Files\Orcad\Layout\data\template.met
Sat Nov 07 20:32:49 Loaded file C:\Program Files\Orcad\Layout\data\template.met
Sat Nov 07 20:32:50 Loaded file C:\Program Files\Orcad\Layout\data\template.met
Sat Nov 07 20:32:51 Loaded file C:\Program Files\Orcad\Layout\data\template.met
Sat Nov 07 20:32:51 Loaded file C:\Program Files\Orcad\Layout\data\template.met
Sat Nov 07 20:32:52 Loaded file C:\Program Files\Orcad\Layout\data\template.met
Sat Nov 07 20:32:52 Loaded file C:\Program Files\Orcad\Layout\data\template.met
Sat Nov 07 20:32:53 Loaded file C:\Program Files\Orcad\Layout\data\template.met
Sat Nov 07 20:32:53 Loaded file C:\Program Files\Orcad\Layout\data\template.met
Sat Nov 07 20:32:54 Loaded file C:\Program Files\Orcad\Layout\data\template.met
Sat Nov 07 20:32:58 Loaded file C:\Program Files\Orcad\Layout\data\template.met
Sat Nov 07 20:32:59 Loaded file C:\Program Files\Orcad\Layout\data\template.met
Sat Nov 07 20:33:00 Loaded file C:\Program Files\Orcad\Layout\data\template.met
Sat Nov 07 20:33:00 Loaded file C:\Program Files\Orcad\Layout\data\template.met
Sat Nov 07 20:33:13 Loaded file C:\Program Files\Orcad\Layout\library\BCON100T.llb
Sat Nov 07 20:33:15 Loaded file D:\PROJECTS\ORCAD\EXITATION_MODULE\MAIN_PCB\EXITATION_4CH.MAX
Sat Nov 07 20:33:15 Loaded file D:\PROJECTS\ORCAD\EXITATION_MODULE\PROTECTION\PROTECTION.MAX
Sat Nov 07 20:33:18 Loaded file C:\Program Files\Orcad\Layout\data\template.met
Sat Nov 07 20:33:31 Loaded file C:\Program Files\Orcad\Layout\data\template.met
Sat Nov 07 20:33:33 Loaded file C:\Program Files\Orcad\Layout\data\template.met
Sat Nov 07 20:33:36 Loaded file C:\Program Files\Orcad\Layout\data\template.met
Sat Nov 07 20:33:40 Loaded file C:\Program Files\Orcad\Layout\data\template.met
Sat Nov 07 20:33:43 Loaded file C:\Program Files\Orcad\Layout\data\template.met
Sat Nov 07 20:33:44 Loaded file C:\Program Files\Orcad\Layout\data\template.met
Sat Nov 07 20:33:56 Loaded file C:\Program Files\Orcad\Layout\data\template.met
Sat Nov 07 20:33:58 Loaded file C:\Program Files\Orcad\Layout\data\template.met
Thu Nov 12 16:06:29 Loaded file D:\PROJECTS\ORCAD\TRIACS_CONTROL\LIBRARY\TRIACS_CONTROL.LLB
Thu Nov 12 16:07:56 Loaded file D:\PROJECTS\ORCAD\TRIACS_CONTROL\LIBRARY\TRIACS_CONTROL.LLB
Thu Nov 12 16:07:56 Footprint coords will be rounded to nearest base unit.
Thu Nov 12 16:07:56 Footprint coords will be rounded to nearest base unit.
Thu Nov 12 16:07:56 Footprint coords will be rounded to nearest base unit.
Thu Nov 12 16:07:56 Footprint coords will be rounded to nearest base unit.
Thu Nov 12 16:07:56 Footprint coords will be rounded to nearest base unit.
Thu Nov 12 16:07:56 Footprint coords will be rounded to nearest base unit.
Thu Nov 12 16:07:56 Footprint coords will be rounded to nearest base unit.
Thu Nov 12 16:07:56 Saved as file D:\PROJECTS\ORCAD\TRIACS_CONTROL\LIBRARY\TRIACS_CONTROL.LLB
Thu Nov 12 16:07:56 Loaded file C:\Program Files\Orcad\Layout\data\template.met
Thu Nov 12 16:08:09 Loaded file C:\Program Files\Orcad\Layout\library\SM.llb
Thu Nov 12 16:08:14 Loaded file C:\Program Files\Orcad\Layout\data\template.imp
Thu Nov 12 16:08:42 Loaded file C:\Program Files\Orcad\Layout\library\padstack.llb
Thu Nov 12 16:08:46 Loaded file C:\Program Files\Orcad\Layout\library\padstack.llb
Thu Nov 12 16:08:57 Loaded file C:\Program Files\Orcad\Layout\data\template.imp
Thu Nov 12 16:08:59 Loaded file C:\Program Files\Orcad\Layout\data\template.imp
Thu Nov 12 16:09:08 Loaded file C:\Program Files\Orcad\Layout\library\padstack.llb
Thu Nov 12 16:09:23 Loaded file C:\Program Files\Orcad\Layout\library\padstack.llb
Thu Nov 12 16:12:47 Loaded file C:\Program Files\Orcad\Layout\library\padstack.llb
Thu Nov 12 16:14:59 Loaded file C:\Program Files\Orcad\Layout\data\template.imp
Thu Nov 12 16:15:01 Loaded file C:\Program Files\Orcad\Layout\data\template.imp
Thu Nov 12 16:15:02 Loaded file C:\Program Files\Orcad\Layout\data\template.imp
Thu Nov 12 16:15:16 Loaded file C:\Program Files\Orcad\Layout\library\padstack.llb
Thu Nov 12 16:15:22 Loaded file C:\Program Files\Orcad\Layout\library\padstack.llb
Thu Nov 12 16:15:30 Loaded file C:\Program Files\Orcad\Layout\library\padstack.llb
Thu Nov 12 16:15:42 Loaded file C:\Program Files\Orcad\Layout\library\padstack.llb
Thu Nov 12 16:15:56 Loaded file C:\Program Files\Orcad\Layout\library\padstack.llb
Thu Nov 12 16:16:30 Loaded file C:\Program Files\Orcad\Layout\library\SM.llb
Thu Nov 12 16:16:30 Saved as file C:\Program Files\Orcad\Layout\library\SM.llb
Thu Nov 12 16:17:00 Loaded file C:\Program Files\Orcad\Layout\data\template.imp
Thu Nov 12 16:17:00 Loaded file C:\Program Files\Orcad\Layout\data\template.imp
Thu Nov 12 16:17:00 Loaded file C:\Program Files\Orcad\Layout\data\template.imp
Thu Nov 12 16:17:00 Loaded file C:\Program Files\Orcad\Layout\data\template.imp
Thu Nov 12 16:20:14 Loaded file C:\Program Files\Orcad\Layout\library\SM.llb
Thu Nov 12 16:20:25 Loaded file C:\Program Files\Orcad\Layout\data\template.imp
Thu Nov 12 16:21:35 Loaded file C:\Program Files\Orcad\Layout\data\template.imp
Thu Nov 12 16:21:35 Loaded file C:\Program Files\Orcad\Layout\data\template.imp
Thu Nov 12 16:21:35 Loaded file C:\Program Files\Orcad\Layout\data\template.imp
Thu Nov 12 16:21:35 Loaded file C:\Program Files\Orcad\Layout\data\template.imp
Thu Nov 12 16:21:40 Loaded file C:\Program Files\Orcad\Layout\data\template.imp
Thu Nov 12 16:22:06 Loaded file C:\Program Files\Orcad\Layout\data\template.imp
Thu Nov 12 16:22:06 Loaded file C:\Program Files\Orcad\Layout\data\template.imp
Thu Nov 12 16:22:06 Loaded file C:\Program Files\Orcad\Layout\data\template.imp
Thu Nov 12 16:22:06 Loaded file C:\Program Files\Orcad\Layout\data\template.imp
Thu Nov 12 16:22:07 Loaded file C:\Program Files\Orcad\Layout\data\template.imp
Thu Nov 12 16:22:53 Loaded file C:\Program Files\Orcad\Layout\data\template.imp
Thu Nov 12 16:22:53 Loaded file C:\Program Files\Orcad\Layout\data\template.imp
Thu Nov 12 16:22:53 Loaded file C:\Program Files\Orcad\Layout\data\template.imp
Thu Nov 12 16:22:53 Loaded file C:\Program Files\Orcad\Layout\data\template.imp
Thu Nov 12 16:22:54 Loaded file C:\Program Files\Orcad\Layout\data\template.imp
Thu Nov 12 16:23:06 Saved as file D:\PROJECTS\ORCAD\TRIACS_CONTROL\TRIACSCONTROL1.MAX
Thu Nov 12 16:23:33 Saved as file D:\PROJECTS\ORCAD\TRIACS_CONTROL\TRIACSCONTROL1.MAX
Thu Nov 12 16:25:56 Saved as file ~undo.max
Thu Nov 12 16:26:00 Saved as file ~undo.max
Thu Nov 12 16:26:48 Saved as file ~undo.max
Thu Nov 12 16:27:37 Saved as file ~undo.max
Thu Nov 12 16:29:31 Saved as file ~undo.max
Thu Nov 12 16:29:32 Saved as file BACKUP1.MAX
Thu Nov 12 16:30:56 Loaded file C:\Program Files\Orcad\Layout\data\template.imp
Thu Nov 12 16:30:56 Loaded file C:\Program Files\Orcad\Layout\data\template.imp
Thu Nov 12 16:30:56 Loaded file C:\Program Files\Orcad\Layout\data\template.imp
Thu Nov 12 16:30:56 Loaded file C:\Program Files\Orcad\Layout\data\template.imp
Thu Nov 12 16:30:59 Loaded file C:\Program Files\Orcad\Layout\data\template.imp
Thu Nov 12 16:30:59 Loaded file C:\Program Files\Orcad\Layout\data\template.imp
Thu Nov 12 16:31:00 Loaded file C:\Program Files\Orcad\Layout\data\template.imp
Thu Nov 12 16:31:01 Loaded file C:\Program Files\Orcad\Layout\data\template.imp
Thu Nov 12 16:31:03 Loaded file C:\Program Files\Orcad\Layout\data\template.imp
Thu Nov 12 16:31:13 Loaded file C:\Program Files\Orcad\Layout\data\template.imp
Thu Nov 12 16:31:13 Loaded file C:\Program Files\Orcad\Layout\data\template.imp
Thu Nov 12 16:31:13 Loaded file C:\Program Files\Orcad\Layout\data\template.imp
Thu Nov 12 16:31:13 Loaded file C:\Program Files\Orcad\Layout\data\template.imp
Thu Nov 12 16:31:16 Loaded file C:\Program Files\Orcad\Layout\data\template.imp
Thu Nov 12 16:31:21 Saved as file ~undo.max
Thu Nov 12 16:32:12 Saved as file D:\PROJECTS\ORCAD\TRIACS_CONTROL\TRIACSCONTROL1.MAX
Thu Nov 12 16:33:03 Saved as file ~undo.max
Thu Nov 12 16:33:34 Saved as file ~undo.max
Thu Nov 12 16:33:43 Saved as file ~undo.max
Thu Nov 12 16:37:25 Saved as file ~undo.max
Thu Nov 12 16:37:47 Saved as file ~undo.max
Thu Nov 12 16:38:03 Saved as file ~undo.max
Thu Nov 12 16:38:23 Saved as file ~undo.max
Thu Nov 12 16:40:02 Saved as file BACKUP1.MAX
Thu Nov 12 16:40:46 Saved as file D:\PROJECTS\ORCAD\TRIACS_CONTROL\TRIACSCONTROL1.MAX
