Sat Nov 14 18:49:22 Saved as file C:\ORCAD\TRIACS_CONTROL2\TRIACSCONTROL.MAX
Sat Nov 14 18:49:22 Saved as file BACKUP1.MAX
Sat Nov 14 18:49:22 Saved as file C:\ORCAD\TRIACS_CONTROL2\TRIACSCONTROL.MAX
Sat Nov 14 18:49:23 UserDiv from Layout.INI for AutoECO: 60
Sat Nov 14 18:49:23 Loaded file C:\ORCAD\TRIACS_CONTROL2\TRIACSCONTROL.MAX
Sat Nov 14 18:49:23 Loaded file C:\PROGRAM FILES\ORCAD\LAYOUT\library\BCON100T.llb
Sat Nov 14 18:49:23 Loaded file C:\PROGRAM FILES\ORCAD\LAYOUT\library\BCON156T.llb
Sat Nov 14 18:49:23 Loaded file C:\PROGRAM FILES\ORCAD\LAYOUT\library\BGA.llb
Sat Nov 14 18:49:23 Loaded file C:\PROGRAM FILES\ORCAD\LAYOUT\library\CLCC.llb
Sat Nov 14 18:49:23 Loaded file C:\PROGRAM FILES\ORCAD\LAYOUT\library\DCON050T.llb
Sat Nov 14 18:49:23 Loaded file C:\PROGRAM FILES\ORCAD\LAYOUT\library\DCON085T.llb
Sat Nov 14 18:49:23 Loaded file C:\PROGRAM FILES\ORCAD\LAYOUT\library\DIMM050F.llb
Sat Nov 14 18:49:23 Loaded file C:\PROGRAM FILES\ORCAD\LAYOUT\library\DIMM050T.llb
Sat Nov 14 18:49:23 Loaded file C:\PROGRAM FILES\ORCAD\LAYOUT\library\DIN.llb
Sat Nov 14 18:49:23 Loaded file C:\PROGRAM FILES\ORCAD\LAYOUT\library\DIP100B.llb
Sat Nov 14 18:49:23 Loaded file C:\PROGRAM FILES\ORCAD\LAYOUT\library\DIP100T.llb
Sat Nov 14 18:49:23 Loaded file C:\PROGRAM FILES\ORCAD\LAYOUT\library\DSUBT.llb
Sat Nov 14 18:49:23 Loaded file C:\PROGRAM FILES\ORCAD\LAYOUT\library\DSUBT_HD.LLB
Sat Nov 14 18:49:23 Loaded file C:\PROGRAM FILES\ORCAD\LAYOUT\library\ECON100T.llb
Sat Nov 14 18:49:23 Loaded file C:\PROGRAM FILES\ORCAD\LAYOUT\library\FBUS.llb
Sat Nov 14 18:49:23 Loaded file C:\PROGRAM FILES\ORCAD\LAYOUT\library\ISA.llb
Sat Nov 14 18:49:23 Loaded file C:\PROGRAM FILES\ORCAD\LAYOUT\library\JUMPER.LLB
Sat Nov 14 18:49:23 Loaded file C:\PROGRAM FILES\ORCAD\LAYOUT\library\LAYOUT.llb
Sat Nov 14 18:49:23 Loaded file C:\PROGRAM FILES\ORCAD\LAYOUT\library\LCON100T.llb
Sat Nov 14 18:49:23 Loaded file C:\PROGRAM FILES\ORCAD\LAYOUT\library\PC104.llb
Sat Nov 14 18:49:23 Loaded file C:\PROGRAM FILES\ORCAD\LAYOUT\library\PCI.llb
Sat Nov 14 18:49:23 Loaded file C:\PROGRAM FILES\ORCAD\LAYOUT\library\PCON100T.llb
Sat Nov 14 18:49:23 Loaded file C:\PROGRAM FILES\ORCAD\LAYOUT\library\PCON156T.llb
Sat Nov 14 18:49:23 Loaded file C:\PROGRAM FILES\ORCAD\LAYOUT\library\PGA.llb
Sat Nov 14 18:49:23 Loaded file C:\PROGRAM FILES\ORCAD\LAYOUT\library\PLCC.llb
Sat Nov 14 18:49:23 Loaded file C:\PROGRAM FILES\ORCAD\LAYOUT\library\QUAD.llb
Sat Nov 14 18:49:23 Loaded file C:\PROGRAM FILES\ORCAD\LAYOUT\library\QUADB.llb
Sat Nov 14 18:49:23 Loaded file C:\PROGRAM FILES\ORCAD\LAYOUT\library\RELAY.llb
Sat Nov 14 18:49:23 Loaded file C:\PROGRAM FILES\ORCAD\LAYOUT\library\RF.llb
Sat Nov 14 18:49:23 Loaded file C:\PROGRAM FILES\ORCAD\LAYOUT\library\SBUS.llb
Sat Nov 14 18:49:23 Loaded file C:\PROGRAM FILES\ORCAD\LAYOUT\library\SIMM050F.llb
Sat Nov 14 18:49:23 Loaded file C:\PROGRAM FILES\ORCAD\LAYOUT\library\SIMM050T.llb
Sat Nov 14 18:49:23 Loaded file C:\PROGRAM FILES\ORCAD\LAYOUT\library\SIMM100F.llb
Sat Nov 14 18:49:23 Loaded file C:\PROGRAM FILES\ORCAD\LAYOUT\library\SIMM100T.llb
Sat Nov 14 18:49:23 Loaded file C:\PROGRAM FILES\ORCAD\LAYOUT\library\SIP.llb
Sat Nov 14 18:49:23 Loaded file C:\PROGRAM FILES\ORCAD\LAYOUT\library\SM.llb
Sat Nov 14 18:49:23 Loaded file C:\PROGRAM FILES\ORCAD\LAYOUT\library\SOG.llb
Sat Nov 14 18:49:23 Loaded file C:\PROGRAM FILES\ORCAD\LAYOUT\library\SOJ.llb
Sat Nov 14 18:49:23 Loaded file C:\PROGRAM FILES\ORCAD\LAYOUT\library\STIFF.llb
Sat Nov 14 18:49:23 Loaded file C:\PROGRAM FILES\ORCAD\LAYOUT\library\TELE.llb
Sat Nov 14 18:49:23 Loaded file C:\PROGRAM FILES\ORCAD\LAYOUT\library\TM_AXIAL.llb
Sat Nov 14 18:49:23 Loaded file C:\PROGRAM FILES\ORCAD\LAYOUT\library\TM_CAP_P.llb
Sat Nov 14 18:49:23 Loaded file C:\PROGRAM FILES\ORCAD\LAYOUT\library\TM_CYLND.llb
Sat Nov 14 18:49:23 Loaded file C:\PROGRAM FILES\ORCAD\LAYOUT\library\TM_DIODE.llb
Sat Nov 14 18:49:23 Loaded file C:\PROGRAM FILES\ORCAD\LAYOUT\library\TM_DISC.llb
Sat Nov 14 18:49:23 Loaded file C:\PROGRAM FILES\ORCAD\LAYOUT\library\TM_RAD.llb
Sat Nov 14 18:49:23 Loaded file C:\PROGRAM FILES\ORCAD\LAYOUT\library\TO.llb
Sat Nov 14 18:49:23 Loaded file C:\PROGRAM FILES\ORCAD\LAYOUT\library\TRAINING.LLB
Sat Nov 14 18:49:23 Loaded file C:\PROGRAM FILES\ORCAD\LAYOUT\library\VRES.llb
Sat Nov 14 18:49:23 Loaded file C:\PROGRAM FILES\ORCAD\LAYOUT\library\WCON100T.llb
Sat Nov 14 18:49:23 Loaded file C:\PROGRAM FILES\ORCAD\LAYOUT\library\XT.llb
Sat Nov 14 18:49:23 Loaded file C:\PROGRAM FILES\ORCAD\LAYOUT\library\ZIGZAG.llb
Sat Nov 14 18:49:23 Library file not found:USER.PRT
Sat Nov 14 18:49:23 Library file not found:USER.PRT
Sat Nov 14 18:49:45 Loaded file C:\PROGRAM FILES\ORCAD\LAYOUT\data\template.imp
Sat Nov 14 18:49:45 Loaded file C:\PROGRAM FILES\ORCAD\LAYOUT\data\template.imp
