AutoECO Report
FILE-A: D:\PROJECTS\ORCAD\TRIACS_CONTROL\TRIACSCONTROL.MAX
FILE-B: D:\PROJECTS\ORCAD\TRIACS_CONTROL\TRIACSCONTROL.MNL
If "*EOF*" immediately follows, no changes were made
Adding package TRIAC_0
Adding package CON3_8
Adding package R_0
Adding package C_4
Adding package OPTO_TRIAC_2
Adding package MOC30XX_1
Adding package CON3_10
Adding package DIODE_5
Adding package C_6
Adding package R_8
Adding package CON3_2
Adding package D:\CDV\DESIGN\AUTOMAT\SUPPLY\SUPPLY.DSN/R_0
Adding package CON3_5
Adding package NPN_BCE
Adding package CON3_11
Adding package CON3_9
Adding package CON3_3
Adding package ST6210B/SO_0
Adding package D:\PROJECTS\ORCAD\TRIACS_CONTROL\TRIACSCONTROL.DSN/CON3_8
Adding package TRANSFORMER_CT_0
Adding package C_1
Adding component Q7
Found footprint TO247AB from PRT file for part TRIAC_0, comp Q7
Adding component IC1
Found footprint SM/_DPAK from PRT file for part CON3_8, comp IC1
Adding component R5
Found footprint SM/C_1206 from PRT file for part R_0, comp R5
Adding component C6
Adding component R7
Adding component OC1
Adding component U1
Adding component XS4
Adding component R15
Adding component Q5
Adding component R13
Adding component D4
Adding component C9
Adding component R1
Adding component IC2
Adding component R6
Adding component C7
Adding component FU1
Adding component U4
Adding component XP1
Adding component Q4
Adding component C4
Adding component Q2
Adding component D2
Adding component XS5
Adding component XS3
Adding component U3
Adding component XS1
Adding component IC3
Adding component Q3
Adding component R22
Adding component R9
Adding component C10
Adding component R24
Adding component Q1
Adding component R21
Adding component R10
Adding component R17
Adding component C12
Adding component D5
Adding component C3
Adding component R12
Adding component C1
Adding component R19
Adding component R16
Adding component C11
Adding component Q8
Adding component R23
Adding component R3
Adding component R25
Adding component R2
Adding component U2
Adding component Q6
Adding component R11
Adding component R18
Adding component OC2
Adding component XS2
Adding component T1
Adding component C2
Adding component C5
Adding component D3
Adding component R20
Adding component D1
Adding component R4
Adding component R8
Adding component R14
Adding component C8
Adding net LG1_CTRL
Adding net SWIM
Adding net GND
Adding net RST
Adding net COMP1
Adding net N3941905
Adding net N3941847
Adding net PB3
Adding net PB4
Adding net N3925379
Adding net VCC
Adding net N3925301
Adding net N3946319
Adding net N3925709
Adding net N3945302
Adding net N3946327
Adding net N3946323
Adding net N3945628
Adding net N3945602
Adding net N3945146
Adding net N3945328
Adding net N3945636
Adding net N3946293
Adding net N3945632
Adding net N3945106
Adding net N3945754
Adding net N3946351
Adding net N3945182
Adding net N3945102
Adding net N3946445
Adding net N3945660
Adding net N3929329
Adding net N3929294
Adding net N3929714
Adding net LG2
Adding net LG3
Adding net LG4
Adding net AC_IN
Adding net AC_OUT
Adding net LG1
Adding net AFT_FUSE_OUT
Adding net N3905168
Adding net N3944265
Adding net N3944450
Adding net N3944490
Adding net +12V
Adding net N
Adding net LG2_CTRL
Adding net LG3_CTRL
Adding net LG4_CTRL
Deleting net DEFAULT
*EOF*
No errors found
