Post Processor Report
OrCAD FILE: D:\PROJECTS\ORCAD\POMPCONTROL\SCHEM7.MAX
Thu Oct 08 20:02:34 2015

*********************************************************

Output file: D:\PROJECTS\ORCAD\POMPCONTROL\SCHEM7.TOP

Aperture totals for D:\PROJECTS\ORCAD\POMPCONTROL\SCHEM7.TOP:
---------------------------------------------------------
D11:  0.0550 ROUND  --       0 Draws,       4 Flashes
D12:  0.0550 SQUARE --       0 Draws,       2 Flashes
D13:  0.0610 ROUND  --       0 Draws,       4 Flashes
D14:  0.0610 SQUARE --       0 Draws,       4 Flashes
D15:  0.0520 ROUND  --       0 Draws,       5 Flashes
D16:  0.0520 SQUARE --       0 Draws,       3 Flashes
D17:  0.0984 ROUND  --       0 Draws,      11 Flashes
D18:  0.0620 ROUND  --       0 Draws,       4 Flashes
D19:  0.0580 ROUND  --       0 Draws,       6 Flashes
D20:  0.0580 SQUARE --       0 Draws,       2 Flashes
D21:  0.0984 SQUARE --       0 Draws,       2 Flashes
D22:  0.0300 ROUND  --       0 Draws,       1 Flashes
D23:  0.0100 ROUND  --      63 Draws,       0 Flashes
D24:  0.0300 ROUND  --       0 Draws,       1 Flashes
---------------------------------------------------------
 14 D-Codes      -----      63 Draws,      49 Flashes

*********************************************************

Output file: D:\PROJECTS\ORCAD\POMPCONTROL\SCHEM7.BOT

Aperture totals for D:\PROJECTS\ORCAD\POMPCONTROL\SCHEM7.BOT:
---------------------------------------------------------
D11:  0.0550 ROUND  --       0 Draws,       4 Flashes
D12:  0.0550 SQUARE --       0 Draws,       2 Flashes
D13:  0.0610 ROUND  --       0 Draws,       4 Flashes
D14:  0.0610 SQUARE --       0 Draws,       4 Flashes
D15:  0.0520 ROUND  --       0 Draws,       5 Flashes
D16:  0.0520 SQUARE --       0 Draws,       3 Flashes
D17:  0.0984 ROUND  --       0 Draws,      11 Flashes
D18:  0.0620 ROUND  --       0 Draws,       4 Flashes
D19:  0.0580 ROUND  --       0 Draws,       6 Flashes
D20:  0.0580 SQUARE --       0 Draws,       2 Flashes
D21:  0.0984 SQUARE --       0 Draws,       2 Flashes
D22:  0.0300 ROUND  --       0 Draws,       1 Flashes
D23:  0.0100 ROUND  --      68 Draws,       0 Flashes
D24:  0.0300 ROUND  --       0 Draws,       1 Flashes
D25:  0.0600 SQUARE --       0 Draws,      50 Flashes
D26:  0.0940 x 0.0250 OBLONG    -----       7 Flashes
D27:  0.0940 x 0.0250 RECTANGLE -----       1 Flashes
D28:  0.0900 x 0.0160 OBLONG    -----      19 Flashes
D29:  0.0900 x 0.0160 RECTANGLE -----       1 Flashes
D30:  0.2200 x 0.2300 RECTANGLE -----       1 Flashes
D31:  0.0560 x 0.0720 RECTANGLE -----       2 Flashes
D32:  0.1420 x 0.0880 RECTANGLE -----       1 Flashes
D33:  0.0480 x 0.0880 RECTANGLE -----       3 Flashes
D34:  0.0340 x 0.0500 RECTANGLE -----       1 Flashes
D35:  0.0340 x 0.0400 RECTANGLE -----       2 Flashes
D36:  0.0098 ROUND  --     216 Draws,       0 Flashes
D37:  0.0197 ROUND  --     175 Draws,       0 Flashes
D38:  0.0591 ROUND  --      34 Draws,       0 Flashes
D39:  0.1575 ROUND  --       3 Draws,       0 Flashes
---------------------------------------------------------
 29 D-Codes      -----     496 Draws,     137 Flashes

*********************************************************

Output file: D:\PROJECTS\ORCAD\POMPCONTROL\SCHEM7.GND

Aperture totals for D:\PROJECTS\ORCAD\POMPCONTROL\SCHEM7.GND:
---------------------------------------------------------
D37:  0.0197 ROUND  --       4 Draws,       0 Flashes
D40:  0.0750 ROUND  --       0 Draws,       4 Flashes
D41:  0.0750 SQUARE --       0 Draws,       2 Flashes
D42:  0.0810 ROUND  --       0 Draws,       4 Flashes
D43:  0.0810 SQUARE --       0 Draws,       4 Flashes
D44:  0.0720 ROUND  --       0 Draws,       5 Flashes
D45:  0.0720 SQUARE --       0 Draws,       3 Flashes
D46:  0.1181 ROUND  --       0 Draws,      11 Flashes
D47:  0.0700 ROUND  --       0 Draws,       4 Flashes
D48:  0.0780 ROUND  --       0 Draws,       6 Flashes
D49:  0.0780 SQUARE --       0 Draws,       2 Flashes
D50:  0.1181 SQUARE --       0 Draws,       2 Flashes
D51:  0.0600 ROUND  --       0 Draws,       1 Flashes
D52:  0.0600 ROUND  --       0 Draws,       1 Flashes
---------------------------------------------------------
 14 D-Codes      -----       4 Draws,      49 Flashes

*********************************************************

Output file: D:\PROJECTS\ORCAD\POMPCONTROL\SCHEM7.PWR

Aperture totals for D:\PROJECTS\ORCAD\POMPCONTROL\SCHEM7.PWR:
---------------------------------------------------------
D37:  0.0197 ROUND  --       4 Draws,       0 Flashes
D40:  0.0750 ROUND  --       0 Draws,       4 Flashes
D41:  0.0750 SQUARE --       0 Draws,       2 Flashes
D42:  0.0810 ROUND  --       0 Draws,       4 Flashes
D43:  0.0810 SQUARE --       0 Draws,       4 Flashes
D44:  0.0720 ROUND  --       0 Draws,       5 Flashes
D45:  0.0720 SQUARE --       0 Draws,       3 Flashes
D46:  0.1181 ROUND  --       0 Draws,      11 Flashes
D47:  0.0700 ROUND  --       0 Draws,       4 Flashes
D48:  0.0780 ROUND  --       0 Draws,       6 Flashes
D49:  0.0780 SQUARE --       0 Draws,       2 Flashes
D50:  0.1181 SQUARE --       0 Draws,       2 Flashes
D51:  0.0600 ROUND  --       0 Draws,       1 Flashes
D52:  0.0600 ROUND  --       0 Draws,       1 Flashes
---------------------------------------------------------
 14 D-Codes      -----       4 Draws,      49 Flashes

*********************************************************

Output file: D:\PROJECTS\ORCAD\POMPCONTROL\SCHEM7.SMT

Aperture totals for D:\PROJECTS\ORCAD\POMPCONTROL\SCHEM7.SMT:
---------------------------------------------------------
D11:  0.0550 ROUND  --       0 Draws,       4 Flashes
D12:  0.0550 SQUARE --       0 Draws,       2 Flashes
D13:  0.0610 ROUND  --       0 Draws,       4 Flashes
D14:  0.0610 SQUARE --       0 Draws,       4 Flashes
D15:  0.0520 ROUND  --       0 Draws,       5 Flashes
D16:  0.0520 SQUARE --       0 Draws,       3 Flashes
D17:  0.0984 ROUND  --       0 Draws,      11 Flashes
D19:  0.0580 ROUND  --       0 Draws,       6 Flashes
D20:  0.0580 SQUARE --       0 Draws,       2 Flashes
D21:  0.0984 SQUARE --       0 Draws,       2 Flashes
D53:  0.0669 ROUND  --       0 Draws,       4 Flashes
D54:  0.0350 ROUND  --       0 Draws,       1 Flashes
D55:  0.0350 ROUND  --       0 Draws,       1 Flashes
---------------------------------------------------------
 13 D-Codes      -----       0 Draws,      49 Flashes

*********************************************************

Output file: D:\PROJECTS\ORCAD\POMPCONTROL\SCHEM7.SMB

Aperture totals for D:\PROJECTS\ORCAD\POMPCONTROL\SCHEM7.SMB:
---------------------------------------------------------
D11:  0.0550 ROUND  --       0 Draws,       4 Flashes
D12:  0.0550 SQUARE --       0 Draws,       2 Flashes
D13:  0.0610 ROUND  --       0 Draws,       4 Flashes
D14:  0.0610 SQUARE --       0 Draws,       4 Flashes
D15:  0.0520 ROUND  --       0 Draws,       5 Flashes
D16:  0.0520 SQUARE --       0 Draws,       3 Flashes
D17:  0.0984 ROUND  --       0 Draws,      11 Flashes
D19:  0.0580 ROUND  --       0 Draws,       6 Flashes
D20:  0.0580 SQUARE --       0 Draws,       2 Flashes
D21:  0.0984 SQUARE --       0 Draws,       2 Flashes
D25:  0.0600 SQUARE --       0 Draws,      50 Flashes
D26:  0.0940 x 0.0250 OBLONG    -----       7 Flashes
D27:  0.0940 x 0.0250 RECTANGLE -----       1 Flashes
D28:  0.0900 x 0.0160 OBLONG    -----      19 Flashes
D29:  0.0900 x 0.0160 RECTANGLE -----       1 Flashes
D30:  0.2200 x 0.2300 RECTANGLE -----       1 Flashes
D31:  0.0560 x 0.0720 RECTANGLE -----       2 Flashes
D32:  0.1420 x 0.0880 RECTANGLE -----       1 Flashes
D33:  0.0480 x 0.0880 RECTANGLE -----       3 Flashes
D34:  0.0340 x 0.0500 RECTANGLE -----       1 Flashes
D35:  0.0340 x 0.0400 RECTANGLE -----       2 Flashes
D53:  0.0669 ROUND  --       0 Draws,       4 Flashes
D54:  0.0350 ROUND  --       0 Draws,       1 Flashes
D55:  0.0350 ROUND  --       0 Draws,       1 Flashes
---------------------------------------------------------
 24 D-Codes      -----       0 Draws,     137 Flashes

*********************************************************

Output file: D:\PROJECTS\ORCAD\POMPCONTROL\SCHEM7.SST

Aperture totals for D:\PROJECTS\ORCAD\POMPCONTROL\SCHEM7.SST:
---------------------------------------------------------
D23:  0.0100 ROUND  --      28 Draws,       0 Flashes
D36:  0.0098 ROUND  --      67 Draws,       0 Flashes
D56:  0.0080 ROUND  --     221 Draws,       0 Flashes
D57:  0.0078 ROUND  --       4 Draws,       0 Flashes
D58:  0.0120 ROUND  --       4 Draws,       0 Flashes
---------------------------------------------------------
  5 D-Codes      -----     324 Draws,       0 Flashes

*********************************************************

Output file: D:\PROJECTS\ORCAD\POMPCONTROL\SCHEM7.AST

Aperture totals for D:\PROJECTS\ORCAD\POMPCONTROL\SCHEM7.AST:
---------------------------------------------------------
D11:  0.0550 ROUND  --       0 Draws,       4 Flashes
D12:  0.0550 SQUARE --       0 Draws,       2 Flashes
D13:  0.0610 ROUND  --       0 Draws,       4 Flashes
D14:  0.0610 SQUARE --       0 Draws,       4 Flashes
D15:  0.0520 ROUND  --       0 Draws,       5 Flashes
D16:  0.0520 SQUARE --       0 Draws,       3 Flashes
D19:  0.0580 ROUND  --       0 Draws,       6 Flashes
D20:  0.0580 SQUARE --       0 Draws,       2 Flashes
D23:  0.0100 ROUND  --      89 Draws,       0 Flashes
D36:  0.0098 ROUND  --     116 Draws,       0 Flashes
D37:  0.0197 ROUND  --       4 Draws,       0 Flashes
D56:  0.0080 ROUND  --     545 Draws,       0 Flashes
D58:  0.0120 ROUND  --       4 Draws,       0 Flashes
---------------------------------------------------------
 13 D-Codes      -----     758 Draws,      30 Flashes

*********************************************************

Output file: D:\PROJECTS\ORCAD\POMPCONTROL\SCHEM7.DRD

Aperture totals for D:\PROJECTS\ORCAD\POMPCONTROL\SCHEM7.DRD:
---------------------------------------------------------
D23:  0.0100 ROUND  --     945 Draws,       0 Flashes
D37:  0.0197 ROUND  --       4 Draws,       0 Flashes
---------------------------------------------------------
  2 D-Codes      -----     949 Draws,       0 Flashes


*********************************************************

Aperture totals for entire project:
---------------------------------------------------------
D11:  0.0550 ROUND  --       0 Draws,      20 Flashes
D12:  0.0550 SQUARE --       0 Draws,      10 Flashes
D13:  0.0610 ROUND  --       0 Draws,      20 Flashes
D14:  0.0610 SQUARE --       0 Draws,      20 Flashes
D15:  0.0520 ROUND  --       0 Draws,      25 Flashes
D16:  0.0520 SQUARE --       0 Draws,      15 Flashes
D17:  0.0984 ROUND  --       0 Draws,      44 Flashes
D18:  0.0620 ROUND  --       0 Draws,       8 Flashes
D19:  0.0580 ROUND  --       0 Draws,      30 Flashes
D20:  0.0580 SQUARE --       0 Draws,      10 Flashes
D21:  0.0984 SQUARE --       0 Draws,       8 Flashes
D22:  0.0300 ROUND  --       0 Draws,       2 Flashes
D23:  0.0100 ROUND  --    1193 Draws,       0 Flashes
D24:  0.0300 ROUND  --       0 Draws,       2 Flashes
D25:  0.0600 SQUARE --       0 Draws,     100 Flashes
D26:  0.0940 x 0.0250 OBLONG    -----      14 Flashes
D27:  0.0940 x 0.0250 RECTANGLE -----       2 Flashes
D28:  0.0900 x 0.0160 OBLONG    -----      38 Flashes
D29:  0.0900 x 0.0160 RECTANGLE -----       2 Flashes
D30:  0.2200 x 0.2300 RECTANGLE -----       2 Flashes
D31:  0.0560 x 0.0720 RECTANGLE -----       4 Flashes
D32:  0.1420 x 0.0880 RECTANGLE -----       2 Flashes
D33:  0.0480 x 0.0880 RECTANGLE -----       6 Flashes
D34:  0.0340 x 0.0500 RECTANGLE -----       2 Flashes
D35:  0.0340 x 0.0400 RECTANGLE -----       4 Flashes
D36:  0.0098 ROUND  --     399 Draws,       0 Flashes
D37:  0.0197 ROUND  --     191 Draws,       0 Flashes
D38:  0.0591 ROUND  --      34 Draws,       0 Flashes
D39:  0.1575 ROUND  --       3 Draws,       0 Flashes
D40:  0.0750 ROUND  --       0 Draws,       8 Flashes
D41:  0.0750 SQUARE --       0 Draws,       4 Flashes
D42:  0.0810 ROUND  --       0 Draws,       8 Flashes
D43:  0.0810 SQUARE --       0 Draws,       8 Flashes
D44:  0.0720 ROUND  --       0 Draws,      10 Flashes
D45:  0.0720 SQUARE --       0 Draws,       6 Flashes
D46:  0.1181 ROUND  --       0 Draws,      22 Flashes
D47:  0.0700 ROUND  --       0 Draws,       8 Flashes
D48:  0.0780 ROUND  --       0 Draws,      12 Flashes
D49:  0.0780 SQUARE --       0 Draws,       4 Flashes
D50:  0.1181 SQUARE --       0 Draws,       4 Flashes
D51:  0.0600 ROUND  --       0 Draws,       2 Flashes
D52:  0.0600 ROUND  --       0 Draws,       2 Flashes
D53:  0.0669 ROUND  --       0 Draws,       8 Flashes
D54:  0.0350 ROUND  --       0 Draws,       2 Flashes
D55:  0.0350 ROUND  --       0 Draws,       2 Flashes
D56:  0.0080 ROUND  --     766 Draws,       0 Flashes
D57:  0.0078 ROUND  --       4 Draws,       0 Flashes
D58:  0.0120 ROUND  --       8 Draws,       0 Flashes
---------------------------------------------------------
 48 D-Codes      -----    2598 Draws,     500 Flashes


No warnings or errors.
