Fri Sep 11 14:04:51 Saved as file ~undo.max
Fri Sep 11 14:05:44 Saved as file ~undo.max
Fri Sep 11 14:05:49 Saved as file ~undo.max
Fri Sep 11 14:06:01 Saved as file N:\DESIGN\NEW\EXITATION_MODULE\PROTECTION\PROTECTION.MAX
Fri Sep 11 14:06:19 Saved as file ~undo.max
Fri Sep 11 14:06:22 Saved as file N:\DESIGN\NEW\EXITATION_MODULE\PROTECTION\PROTECTION.MAX
Fri Sep 11 14:06:56 Saved as file N:\DESIGN\NEW\EXITATION_MODULE\PROTECTION\PROTECTION.MAX
Fri Sep 11 14:07:53 Saved as file N:\DESIGN\NEW\EXITATION_MODULE\PROTECTION\PROTECTION.MAX
Mon Sep 21 22:38:03 Saved as file BACKUP1.MAX
Mon Sep 21 22:48:33 Saved as file BACKUP1.MAX
Mon Sep 21 22:59:04 Saved as file BACKUP1.MAX
Mon Sep 21 23:09:34 Saved as file BACKUP1.MAX
Sat Nov 07 19:57:11 Loaded file D:\PROJECTS\ORCAD\EXITATION_MODULE\PROTECTION\PROTECTION.MAX
Sat Nov 07 19:57:13 Loaded file C:\PROGRAM FILES\ORCAD\LAYOUT\data\template.met
Sat Nov 07 19:57:14 Loaded file C:\PROGRAM FILES\ORCAD\LAYOUT\data\template.met
Sat Nov 07 19:57:16 Loaded file C:\PROGRAM FILES\ORCAD\LAYOUT\data\template.met
Sat Nov 07 19:57:17 Loaded file C:\PROGRAM FILES\ORCAD\LAYOUT\data\template.met
Sat Nov 07 19:57:21 Loaded file C:\PROGRAM FILES\ORCAD\LAYOUT\data\template.met
Sat Nov 07 19:57:22 Loaded file C:\PROGRAM FILES\ORCAD\LAYOUT\data\template.met
Sat Nov 07 19:57:24 Loaded file C:\PROGRAM FILES\ORCAD\LAYOUT\data\template.met
Sat Nov 07 19:57:25 Loaded file C:\PROGRAM FILES\ORCAD\LAYOUT\data\template.met
Sat Nov 07 19:57:26 Loaded file C:\PROGRAM FILES\ORCAD\LAYOUT\data\template.met
Sat Nov 07 19:57:27 Loaded file C:\PROGRAM FILES\ORCAD\LAYOUT\data\template.met
Sat Nov 07 19:57:30 Loaded file C:\PROGRAM FILES\ORCAD\LAYOUT\data\template.met
Sat Nov 07 19:58:08 Loaded file C:\PROGRAM FILES\ORCAD\LAYOUT\data\template.met
Sat Nov 07 19:58:11 Loaded file C:\PROGRAM FILES\ORCAD\LAYOUT\data\template.met
Sat Nov 07 19:58:14 Loaded file C:\PROGRAM FILES\ORCAD\LAYOUT\data\template.met
Sat Nov 07 19:58:14 Loaded file C:\PROGRAM FILES\ORCAD\LAYOUT\data\template.met
Sat Nov 07 19:58:16 Loaded file C:\PROGRAM FILES\ORCAD\LAYOUT\data\template.met
Sat Nov 07 19:58:16 Loaded file C:\PROGRAM FILES\ORCAD\LAYOUT\data\template.met
Sat Nov 07 19:58:19 Loaded file C:\PROGRAM FILES\ORCAD\LAYOUT\data\template.met
Sat Nov 07 19:58:20 Loaded file C:\PROGRAM FILES\ORCAD\LAYOUT\data\template.met
Sat Nov 07 19:58:21 Loaded file C:\PROGRAM FILES\ORCAD\LAYOUT\data\template.met
Sat Nov 07 19:58:22 Loaded file C:\PROGRAM FILES\ORCAD\LAYOUT\data\template.met
Sat Nov 07 19:58:23 Loaded file C:\PROGRAM FILES\ORCAD\LAYOUT\data\template.met
Sat Nov 07 19:58:30 Loaded file C:\PROGRAM FILES\ORCAD\LAYOUT\data\template.met
Sat Nov 07 19:58:34 Loaded file C:\PROGRAM FILES\ORCAD\LAYOUT\data\template.met
Sat Nov 07 19:58:35 Loaded file C:\PROGRAM FILES\ORCAD\LAYOUT\data\template.met
Sat Nov 07 19:58:36 Loaded file C:\PROGRAM FILES\ORCAD\LAYOUT\data\template.met
Sat Nov 07 19:58:37 Loaded file C:\PROGRAM FILES\ORCAD\LAYOUT\data\template.met
Sat Nov 07 19:58:38 Loaded file C:\PROGRAM FILES\ORCAD\LAYOUT\data\template.met
Sat Nov 07 19:58:39 Loaded file C:\PROGRAM FILES\ORCAD\LAYOUT\data\template.met
Sat Nov 07 20:00:06 Loaded file D:\PROJECTS\ORCAD\EXITATION_MODULE\PROTECTION\PROTECTION.MAX
Sat Nov 07 20:00:40 Loaded file C:\PROGRAM FILES\ORCAD\LAYOUT\data\template.imp
Sat Nov 07 20:00:40 Loaded file C:\PROGRAM FILES\ORCAD\LAYOUT\data\template.imp
Sat Nov 07 20:00:41 Loaded file D:\PROJECTS\ORCAD\TRIACS_CONTROL\LIBRARY\TRIACS_CONTROL.LLB
Sat Nov 07 20:00:42 Loaded file D:\PROJECTS\ORCAD\EXITATION_MODULE\MAIN_PCB\EXITATION_4CH.MAX
Sat Nov 07 20:00:43 Loaded file D:\PROJECTS\ORCAD\TRIACS_CONTROL\LIBRARY\TRIACS_CONTROL.LLB
Sat Nov 07 20:00:44 Loaded file C:\PROGRAM FILES\ORCAD\LAYOUT\data\template.met
Sat Nov 07 20:01:11 Loaded file C:\Program Files\Orcad\Layout\library\DIP100T.llb
Sat Nov 07 20:01:21 Loaded file C:\Program Files\Orcad\Layout\library\PCON156T.llb
Sat Nov 07 20:01:22 Loaded file C:\Program Files\Orcad\Layout\library\PCON100T.llb
Sat Nov 07 20:01:22 Loaded file C:\Program Files\Orcad\Layout\library\PCI.llb
Sat Nov 07 20:01:23 Loaded file C:\Program Files\Orcad\Layout\library\PC104.llb
Sat Nov 07 20:01:23 Loaded file C:\Program Files\Orcad\Layout\library\LCON100T.llb
Sat Nov 07 20:01:23 Loaded file C:\Program Files\Orcad\Layout\library\LAYOUT.llb
Sat Nov 07 20:01:24 Loaded file C:\Program Files\Orcad\Layout\library\JUMPER.LLB
Sat Nov 07 20:01:24 Loaded file C:\Program Files\Orcad\Layout\library\ISA.llb
Sat Nov 07 20:01:24 Loaded file C:\Program Files\Orcad\Layout\library\FBUS.llb
Sat Nov 07 20:01:24 Loaded file C:\Program Files\Orcad\Layout\library\ECON100T.llb
Sat Nov 07 20:01:24 Loaded file C:\Program Files\Orcad\Layout\library\DSUBT_HD.LLB
Sat Nov 07 20:01:25 Loaded file C:\Program Files\Orcad\Layout\library\DSUBT.llb
Sat Nov 07 20:01:25 Loaded file C:\Program Files\Orcad\Layout\library\DIP100T.llb
Sat Nov 07 20:01:25 Loaded file C:\Program Files\Orcad\Layout\library\DIP100B.llb
Sat Nov 07 20:01:25 Loaded file C:\Program Files\Orcad\Layout\library\DIN.llb
Sat Nov 07 20:01:25 Loaded file C:\Program Files\Orcad\Layout\library\DIMM050T.llb
Sat Nov 07 20:01:26 Loaded file C:\Program Files\Orcad\Layout\library\DIMM050F.llb
Sat Nov 07 20:01:26 Loaded file C:\Program Files\Orcad\Layout\library\DCON085T.llb
Sat Nov 07 20:01:26 Loaded file C:\Program Files\Orcad\Layout\library\DCON050T.llb
Sat Nov 07 20:01:26 Loaded file C:\Program Files\Orcad\Layout\library\CLCC.llb
Sat Nov 07 20:01:26 Loaded file C:\Program Files\Orcad\Layout\library\BGA.llb
Sat Nov 07 20:01:26 Loaded file C:\Program Files\Orcad\Layout\library\BCON156T.llb
Sat Nov 07 20:01:27 Loaded file C:\Program Files\Orcad\Layout\library\BCON100T.llb
Sat Nov 07 20:01:27 Loaded file D:\PROJECTS\ORCAD\EXITATION_MODULE\MAIN_PCB\EXITATION_4CH.MAX
Sat Nov 07 20:01:27 Loaded file D:\PROJECTS\ORCAD\TRIACS_CONTROL\LIBRARY\TRIACS_CONTROL.LLB
Sat Nov 07 20:01:27 Loaded file D:\PROJECTS\ORCAD\TRIACS_CONTROL\LIBRARY\TRIACS_CONTROL.LLB
Sat Nov 07 20:01:28 Loaded file D:\PROJECTS\ORCAD\TRIACS_CONTROL\LIBRARY\TRIACS_CONTROL.LLB
Sat Nov 07 20:01:29 Loaded file D:\PROJECTS\ORCAD\EXITATION_MODULE\MAIN_PCB\EXITATION_4CH.MAX
Sat Nov 07 20:01:32 Loaded file C:\PROGRAM FILES\ORCAD\LAYOUT\data\template.met
